This is pdfTeX, Version 3.141592653-2.6-1.40.22 (MiKTeX 21.6) (preloaded format=pdflatex 2021.6.11)  13 JUN 2021 10:37
entering extended mode
**./thesis.tex
(thesis.tex
LaTeX2e <2021-06-01>
L3 programming layer <2021-06-01>
(C:\Users\Kien Nguyen\AppData\Local\Programs\MiKTeX\tex/latex/koma-script\scrbo
ok.cls
Document Class: scrbook 2021/03/17 v3.33 KOMA-Script document class (book)

(C:\Users\Kien Nguyen\AppData\Local\Programs\MiKTeX\tex/latex/koma-script\scrkb
ase.sty
Package: scrkbase 2021/03/17 v3.33 KOMA-Script package (KOMA-Script-dependent b
asics and keyval usage)

(C:\Users\Kien Nguyen\AppData\Local\Programs\MiKTeX\tex/latex/koma-script\scrba
se.sty
Package: scrbase 2021/03/17 v3.33 KOMA-Script package (KOMA-Script-independent 
basics and keyval usage)

(C:\Users\Kien Nguyen\AppData\Local\Programs\MiKTeX\tex/latex/koma-script\scrlf
ile.sty
Package: scrlfile 2021/03/17 v3.33 KOMA-Script package (file load hooks)

(C:\Users\Kien Nguyen\AppData\Local\Programs\MiKTeX\tex/latex/koma-script\scrlf
ile-hook.sty
Package: scrlfile-hook 2021/03/17 v3.33 KOMA-Script package (using LaTeX hooks)


(C:\Users\Kien Nguyen\AppData\Local\Programs\MiKTeX\tex/latex/koma-script\scrlo
go.sty
Package: scrlogo 2021/03/17 v3.33 KOMA-Script package (logo)
)))
(C:\Users\Kien Nguyen\AppData\Local\Programs\MiKTeX\tex/latex/graphics\keyval.s
ty
Package: keyval 2014/10/28 v1.15 key=value parser (DPC)
\KV@toks@=\toks16
)
Applying: [2021/05/01] Usage of raw option list on input line 252.
Already applied: [0000/00/00] compatibility for LaTeX before 2021/05/01 on inpu
t line 337.
))
(C:\Users\Kien Nguyen\AppData\Local\Programs\MiKTeX\tex/latex/koma-script\tocba
sic.sty
Package: tocbasic 2021/03/17 v3.33 KOMA-Script package (handling toc-files)
\scr@dte@tocline@numberwidth=\skip47
\scr@dte@tocline@numbox=\box50
)
Package tocbasic Info: babel extension for `toc' omitted
(tocbasic)             because of missing \bbl@set@language on input line 137.
Class scrbook Info: File `scrsize11pt.clo' used instead of
(scrbook)           file `scrsize11.clo' to setup font sizes on input line 2454
.

(C:\Users\Kien Nguyen\AppData\Local\Programs\MiKTeX\tex/latex/koma-script\scrsi
ze11pt.clo
File: scrsize11pt.clo 2021/03/17 v3.33 KOMA-Script font size class option (11pt
)
)
(C:\Users\Kien Nguyen\AppData\Local\Programs\MiKTeX\tex/latex/koma-script\typea
rea.sty
Package: typearea 2021/03/17 v3.33 KOMA-Script package (type area)
\ta@bcor=\skip48
\ta@div=\count182
\ta@hblk=\skip49
\ta@vblk=\skip50
\ta@temp=\skip51
\footheight=\skip52
Package typearea Info: These are the values describing the layout:
(typearea)             DIV  = 10
(typearea)             BCOR = 0.0pt
(typearea)             \paperwidth      = 597.50793pt
(typearea)              \textwidth      = 418.25555pt
(typearea)              DIV departure   = -6%
(typearea)              \evensidemargin = 47.2316pt
(typearea)              \oddsidemargin  = -12.5192pt
(typearea)             \paperheight     = 845.04694pt
(typearea)              \textheight     = 595.80026pt
(typearea)              \topmargin      = -25.16531pt
(typearea)              \headheight     = 17.0pt
(typearea)              \headsep        = 20.40001pt
(typearea)              \topskip        = 11.0pt
(typearea)              \footskip       = 47.6pt
(typearea)              \baselineskip   = 13.6pt
(typearea)              on input line 1741.
)
\c@part=\count183
\c@chapter=\count184
\c@section=\count185
\c@subsection=\count186
\c@subsubsection=\count187
\c@paragraph=\count188
\c@subparagraph=\count189
\scr@dte@chapter@maxnumwidth=\skip53
Class scrbook Info: using compatibility default `afterindent=bysign'
(scrbook)           for `\chapter on input line 5676.
\scr@dte@section@maxnumwidth=\skip54
Class scrbook Info: using compatibility default `runin=bysign'
(scrbook)           for `\section on input line 5687.
Class scrbook Info: using compatibility default `afterindent=bysign'
(scrbook)           for `\section on input line 5687.
\scr@dte@part@maxnumwidth=\skip55
Class scrbook Info: using compatibility default `afterindent=true'
(scrbook)           for `\part on input line 5696.
\scr@dte@subsection@maxnumwidth=\skip56
Class scrbook Info: using compatibility default `runin=bysign'
(scrbook)           for `\subsection on input line 5706.
Class scrbook Info: using compatibility default `afterindent=bysign'
(scrbook)           for `\subsection on input line 5706.
\scr@dte@subsubsection@maxnumwidth=\skip57
Class scrbook Info: using compatibility default `runin=bysign'
(scrbook)           for `\subsubsection on input line 5716.
Class scrbook Info: using compatibility default `afterindent=bysign'
(scrbook)           for `\subsubsection on input line 5716.
\scr@dte@paragraph@maxnumwidth=\skip58
Class scrbook Info: using compatibility default `runin=bysign'
(scrbook)           for `\paragraph on input line 5727.
Class scrbook Info: using compatibility default `afterindent=bysign'
(scrbook)           for `\paragraph on input line 5727.
\scr@dte@subparagraph@maxnumwidth=\skip59
Class scrbook Info: using compatibility default `runin=bysign'
(scrbook)           for `\subparagraph on input line 5737.
Class scrbook Info: using compatibility default `afterindent=bysign'
(scrbook)           for `\subparagraph on input line 5737.
\abovecaptionskip=\skip60
\belowcaptionskip=\skip61
\c@pti@nb@sid@b@x=\box51
Package tocbasic Info: babel extension for `lof' omitted
(tocbasic)             because of missing \bbl@set@language on input line 6980.

\scr@dte@figure@maxnumwidth=\skip62
\c@figure=\count190
Package tocbasic Info: babel extension for `lot' omitted
(tocbasic)             because of missing \bbl@set@language on input line 7001.

\scr@dte@table@maxnumwidth=\skip63
\c@table=\count191
Class scrbook Info: Redefining `\numberline' on input line 7174.
\bibindent=\dimen138
) (osm-thesis.sty
Package: osm-thesis 

(C:\Users\Kien Nguyen\AppData\Local\Programs\MiKTeX\tex/latex/nag\nag.sty
Package: nag 2011/11/25 0.7 warning about old commands (ulmi)
\c@nag@c=\count192
\c@nag@sins=\count193
Package nag Info: Loaded nag-l2tabu.cfg  on input line 552.

(C:\Users\Kien Nguyen\AppData\Local\Programs\MiKTeX\tex/latex/nag\nag-l2tabu.cf
g
File: nag-l2tabu.cfg 2010/05/17 v2.11 l2tabu rules for nag.sty (ulmi)
)
Package nag Info: Loaded nag-orthodox.cfg  on input line 552.

(C:\Users\Kien Nguyen\AppData\Local\Programs\MiKTeX\tex/latex/nag\nag-orthodox.
cfg
File: nag-orthodox.cfg 2006/04/19 v1.8 strict rules for nag.sty (ulmi)
))
(C:\Users\Kien Nguyen\AppData\Local\Programs\MiKTeX\tex/latex/base\fontenc.sty
Package: fontenc 2021/04/29 v2.0v Standard LaTeX package
)
(C:\Users\Kien Nguyen\AppData\Local\Programs\MiKTeX\tex/latex/base\textcomp.sty
Package: textcomp 2020/02/02 v2.0n Standard LaTeX package
)
(C:\Users\Kien Nguyen\AppData\Local\Programs\MiKTeX\tex/latex/base\inputenc.sty
Package: inputenc 2021/02/14 v1.3d Input encoding file
\inpenc@prehook=\toks17
\inpenc@posthook=\toks18
)
(C:\Users\Kien Nguyen\AppData\Local\Programs\MiKTeX\tex/latex/xcolor\xcolor.sty
Package: xcolor 2016/05/11 v2.12 LaTeX color extensions (UK)

(C:\Users\Kien Nguyen\AppData\Local\Programs\MiKTeX\tex/latex/graphics-cfg\colo
r.cfg
File: color.cfg 2016/01/02 v1.6 sample color configuration
)
Package xcolor Info: Package option `usenames' ignored on input line 216.
Package xcolor Info: Driver file: pdftex.def on input line 225.

(C:\Users\Kien Nguyen\AppData\Local\Programs\MiKTeX\tex/latex/graphics-def\pdft
ex.def
File: pdftex.def 2020/10/05 v1.2a Graphics/color driver for pdftex
)
Package xcolor Info: Model `cmy' substituted by `cmy0' on input line 1348.
Package xcolor Info: Model `hsb' substituted by `rgb' on input line 1352.
Package xcolor Info: Model `RGB' extended on input line 1364.
Package xcolor Info: Model `HTML' substituted by `rgb' on input line 1366.
Package xcolor Info: Model `Hsb' substituted by `hsb' on input line 1367.
Package xcolor Info: Model `tHsb' substituted by `hsb' on input line 1368.
Package xcolor Info: Model `HSB' substituted by `hsb' on input line 1369.
Package xcolor Info: Model `Gray' substituted by `gray' on input line 1370.
Package xcolor Info: Model `wave' substituted by `hsb' on input line 1371.

(C:\Users\Kien Nguyen\AppData\Local\Programs\MiKTeX\tex/latex/graphics\dvipsnam
.def
File: dvipsnam.def 2016/06/17 v3.0m Driver-dependent file (DPC,SPQR)
))
(C:\Users\Kien Nguyen\AppData\Local\Programs\MiKTeX\tex/latex/biblatex\biblatex
.sty
Package: biblatex 2020/12/31 v3.16 programmable bibliographies (PK/MW)

(C:\Users\Kien Nguyen\AppData\Local\Programs\MiKTeX\tex/generic/pdftexcmds\pdft
excmds.sty
Package: pdftexcmds 2020-06-27 v0.33 Utility functions of pdfTeX for LuaTeX (HO
)

(C:\Users\Kien Nguyen\AppData\Local\Programs\MiKTeX\tex/generic/infwarerr\infwa
rerr.sty
Package: infwarerr 2019/12/03 v1.5 Providing info/warning/error messages (HO)
)
(C:\Users\Kien Nguyen\AppData\Local\Programs\MiKTeX\tex/generic/iftex\iftex.sty
Package: iftex 2020/03/06 v1.0d TeX engine tests
)
(C:\Users\Kien Nguyen\AppData\Local\Programs\MiKTeX\tex/generic/ltxcmds\ltxcmds
.sty
Package: ltxcmds 2020-05-10 v1.25 LaTeX kernel commands for general use (HO)
)
Package pdftexcmds Info: \pdf@primitive is available.
Package pdftexcmds Info: \pdf@ifprimitive is available.
Package pdftexcmds Info: \pdfdraftmode found.
)
(C:\Users\Kien Nguyen\AppData\Local\Programs\MiKTeX\tex/latex/etoolbox\etoolbox
.sty
Package: etoolbox 2020/10/05 v2.5k e-TeX tools for LaTeX (JAW)
\etb@tempcnta=\count194
)
(C:\Users\Kien Nguyen\AppData\Local\Programs\MiKTeX\tex/latex/kvoptions\kvoptio
ns.sty
Package: kvoptions 2020-10-07 v3.14 Key value format for package options (HO)

(C:\Users\Kien Nguyen\AppData\Local\Programs\MiKTeX\tex/generic/kvsetkeys\kvset
keys.sty
Package: kvsetkeys 2019/12/15 v1.18 Key value parser (HO)
))
(C:\Users\Kien Nguyen\AppData\Local\Programs\MiKTeX\tex/latex/logreq\logreq.sty
Package: logreq 2010/08/04 v1.0 xml request logger
\lrq@indent=\count195

(C:\Users\Kien Nguyen\AppData\Local\Programs\MiKTeX\tex/latex/logreq\logreq.def
File: logreq.def 2010/08/04 v1.0 logreq spec v1.0
))
(C:\Users\Kien Nguyen\AppData\Local\Programs\MiKTeX\tex/latex/base\ifthen.sty
Package: ifthen 2020/11/24 v1.1c Standard LaTeX ifthen package (DPC)
)
(C:\Users\Kien Nguyen\AppData\Local\Programs\MiKTeX\tex/latex/url\url.sty
\Urlmuskip=\muskip16
Package: url 2013/09/16  ver 3.4  Verb mode for urls, etc.
)
\c@tabx@nest=\count196
\c@listtotal=\count197
\c@listcount=\count198
\c@liststart=\count199
\c@liststop=\count266
\c@citecount=\count267
\c@citetotal=\count268
\c@multicitecount=\count269
\c@multicitetotal=\count270
\c@instcount=\count271
\c@maxnames=\count272
\c@minnames=\count273
\c@maxitems=\count274
\c@minitems=\count275
\c@citecounter=\count276
\c@maxcitecounter=\count277
\c@savedcitecounter=\count278
\c@uniquelist=\count279
\c@uniquename=\count280
\c@refsection=\count281
\c@refsegment=\count282
\c@maxextratitle=\count283
\c@maxextratitleyear=\count284
\c@maxextraname=\count285
\c@maxextradate=\count286
\c@maxextraalpha=\count287
\c@abbrvpenalty=\count288
\c@highnamepenalty=\count289
\c@lownamepenalty=\count290
\c@maxparens=\count291
\c@parenlevel=\count292
\blx@tempcnta=\count293
\blx@tempcntb=\count294
\blx@tempcntc=\count295
\blx@maxsection=\count296
\blx@maxsegment@0=\count297
\blx@notetype=\count298
\blx@parenlevel@text=\count299
\blx@parenlevel@foot=\count300
\blx@sectionciteorder@0=\count301
\blx@entrysetcounter=\count302
\blx@biblioinstance=\count303
\labelnumberwidth=\skip64
\labelalphawidth=\skip65
\biblabelsep=\skip66
\bibitemsep=\skip67
\bibnamesep=\skip68
\bibinitsep=\skip69
\bibparsep=\skip70
\bibhang=\skip71
\blx@bcfin=\read2
\blx@bcfout=\write3
\blx@langwohyphens=\language79
\c@mincomprange=\count304
\c@maxcomprange=\count305
\c@mincompwidth=\count306
Package biblatex Info: Trying to load biblatex default data model...
Package biblatex Info: ... file 'blx-dm.def' found.

(C:\Users\Kien Nguyen\AppData\Local\Programs\MiKTeX\tex/latex/biblatex\blx-dm.d
ef
File: blx-dm.def 2020/12/31 v3.16 biblatex localization (PK/MW)
)
Package biblatex Info: Trying to load biblatex custom data model...
Package biblatex Info: ... file 'biblatex-dm.cfg' not found.
\c@afterword=\count307
\c@savedafterword=\count308
\c@annotator=\count309
\c@savedannotator=\count310
\c@author=\count311
\c@savedauthor=\count312
\c@bookauthor=\count313
\c@savedbookauthor=\count314
\c@commentator=\count315
\c@savedcommentator=\count316
\c@editor=\count317
\c@savededitor=\count318
\c@editora=\count319
\c@savededitora=\count320
\c@editorb=\count321
\c@savededitorb=\count322
\c@editorc=\count323
\c@savededitorc=\count324
\c@foreword=\count325
\c@savedforeword=\count326
\c@holder=\count327
\c@savedholder=\count328
\c@introduction=\count329
\c@savedintroduction=\count330
\c@namea=\count331
\c@savednamea=\count332
\c@nameb=\count333
\c@savednameb=\count334
\c@namec=\count335
\c@savednamec=\count336
\c@translator=\count337
\c@savedtranslator=\count338
\c@shortauthor=\count339
\c@savedshortauthor=\count340
\c@shorteditor=\count341
\c@savedshorteditor=\count342
\c@labelname=\count343
\c@savedlabelname=\count344
\c@institution=\count345
\c@savedinstitution=\count346
\c@lista=\count347
\c@savedlista=\count348
\c@listb=\count349
\c@savedlistb=\count350
\c@listc=\count351
\c@savedlistc=\count352
\c@listd=\count353
\c@savedlistd=\count354
\c@liste=\count355
\c@savedliste=\count356
\c@listf=\count357
\c@savedlistf=\count358
\c@location=\count359
\c@savedlocation=\count360
\c@organization=\count361
\c@savedorganization=\count362
\c@origlocation=\count363
\c@savedoriglocation=\count364
\c@origpublisher=\count365
\c@savedorigpublisher=\count366
\c@publisher=\count367
\c@savedpublisher=\count368
\c@language=\count369
\c@savedlanguage=\count370
\c@origlanguage=\count371
\c@savedoriglanguage=\count372
\c@pageref=\count373
\c@savedpageref=\count374
\shorthandwidth=\skip72
\shortjournalwidth=\skip73
\shortserieswidth=\skip74
\shorttitlewidth=\skip75
\shortauthorwidth=\skip76
\shorteditorwidth=\skip77
\locallabelnumberwidth=\skip78
\locallabelalphawidth=\skip79
\localshorthandwidth=\skip80
\localshortjournalwidth=\skip81
\localshortserieswidth=\skip82
\localshorttitlewidth=\skip83
\localshortauthorwidth=\skip84
\localshorteditorwidth=\skip85
Package biblatex Info: Trying to load compatibility code...
Package biblatex Info: ... file 'blx-compat.def' found.

(C:\Users\Kien Nguyen\AppData\Local\Programs\MiKTeX\tex/latex/biblatex\blx-comp
at.def
File: blx-compat.def 2020/12/31 v3.16 biblatex compatibility (PK/MW)
)
Package biblatex Info: Trying to load BibTeX backend compatibility...
Package biblatex Info: ... file 'blx-bibtex.def' found.

(C:\Users\Kien Nguyen\AppData\Local\Programs\MiKTeX\tex/latex/biblatex\blx-bibt
ex.def
File: blx-bibtex.def 2020/12/31 v3.16 biblatex compatibility (PK/MW)


Package biblatex Warning: Using fall-back BibTeX(8) backend:
(biblatex)                functionality may be reduced/unavailable.

)
Package biblatex Info: Trying to load generic definitions...
Package biblatex Info: ... file 'biblatex.def' found.

(C:\Users\Kien Nguyen\AppData\Local\Programs\MiKTeX\tex/latex/biblatex\biblatex
.def
File: biblatex.def 2020/12/31 v3.16 biblatex compatibility (PK/MW)
\c@textcitecount=\count375
\c@textcitetotal=\count376
\c@textcitemaxnames=\count377
\c@biburlbigbreakpenalty=\count378
\c@biburlbreakpenalty=\count379
\c@biburlnumpenalty=\count380
\c@biburlucpenalty=\count381
\c@biburllcpenalty=\count382
\biburlbigskip=\muskip17
\biburlnumskip=\muskip18
\biburlucskip=\muskip19
\biburllcskip=\muskip20
\c@smartand=\count383
)
Package biblatex Info: Trying to load bibliography style 'numeric'...
Package biblatex Info: ... file 'numeric.bbx' found.

(C:\Users\Kien Nguyen\AppData\Local\Programs\MiKTeX\tex/latex/biblatex/bbx\nume
ric.bbx
File: numeric.bbx 2020/12/31 v3.16 biblatex bibliography style (PK/MW)
Package biblatex Info: Trying to load bibliography style 'standard'...
Package biblatex Info: ... file 'standard.bbx' found.

(C:\Users\Kien Nguyen\AppData\Local\Programs\MiKTeX\tex/latex/biblatex/bbx\stan
dard.bbx
File: standard.bbx 2020/12/31 v3.16 biblatex bibliography style (PK/MW)
\c@bbx:relatedcount=\count384
\c@bbx:relatedtotal=\count385
))
Package biblatex Info: Trying to load citation style 'numeric'...
Package biblatex Info: ... file 'numeric.cbx' found.

(C:\Users\Kien Nguyen\AppData\Local\Programs\MiKTeX\tex/latex/biblatex/cbx\nume
ric.cbx
File: numeric.cbx 2020/12/31 v3.16 biblatex citation style (PK/MW)
Package biblatex Info: Redefining '\cite'.
Package biblatex Info: Redefining '\parencite'.
Package biblatex Info: Redefining '\footcite'.
Package biblatex Info: Redefining '\footcitetext'.
Package biblatex Info: Redefining '\smartcite'.
Package biblatex Info: Redefining '\supercite'.
Package biblatex Info: Redefining '\textcite'.
Package biblatex Info: Redefining '\textcites'.
Package biblatex Info: Redefining '\cites'.
Package biblatex Info: Redefining '\parencites'.
Package biblatex Info: Redefining '\smartcites'.
)
Package biblatex Info: Trying to load configuration file...
Package biblatex Info: ... file 'biblatex.cfg' found.

(C:\Users\Kien Nguyen\AppData\Local\Programs\MiKTeX\tex/latex/biblatex\biblatex
.cfg
File: biblatex.cfg 
))
(C:\Users\Kien Nguyen\AppData\Local\Programs\MiKTeX\tex/latex/amsmath\amsmath.s
ty
Package: amsmath 2021/04/20 v2.17j AMS math features
\@mathmargin=\skip86

For additional information on amsmath, use the `?' option.

(C:\Users\Kien Nguyen\AppData\Local\Programs\MiKTeX\tex/latex/amsmath\amstext.s
ty
Package: amstext 2000/06/29 v2.01 AMS text

(C:\Users\Kien Nguyen\AppData\Local\Programs\MiKTeX\tex/latex/amsmath\amsgen.st
y
File: amsgen.sty 1999/11/30 v2.0 generic functions
\@emptytoks=\toks19
\ex@=\dimen139
))
(C:\Users\Kien Nguyen\AppData\Local\Programs\MiKTeX\tex/latex/amsmath\amsbsy.st
y
Package: amsbsy 1999/11/29 v1.2d Bold Symbols
\pmbraise@=\dimen140
)
(C:\Users\Kien Nguyen\AppData\Local\Programs\MiKTeX\tex/latex/amsmath\amsopn.st
y
Package: amsopn 2016/03/08 v2.02 operator names
)
\inf@bad=\count386
LaTeX Info: Redefining \frac on input line 234.
\uproot@=\count387
\leftroot@=\count388
LaTeX Info: Redefining \overline on input line 399.
\classnum@=\count389
\DOTSCASE@=\count390
LaTeX Info: Redefining \ldots on input line 496.
LaTeX Info: Redefining \dots on input line 499.
LaTeX Info: Redefining \cdots on input line 620.
\Mathstrutbox@=\box52
\strutbox@=\box53
\big@size=\dimen141
LaTeX Font Info:    Redeclaring font encoding OML on input line 743.
LaTeX Font Info:    Redeclaring font encoding OMS on input line 744.
\macc@depth=\count391
\c@MaxMatrixCols=\count392
\dotsspace@=\muskip21
\c@parentequation=\count393
\dspbrk@lvl=\count394
\tag@help=\toks20
\row@=\count395
\column@=\count396
\maxfields@=\count397
\andhelp@=\toks21
\eqnshift@=\dimen142
\alignsep@=\dimen143
\tagshift@=\dimen144
\tagwidth@=\dimen145
\totwidth@=\dimen146
\lineht@=\dimen147
\@envbody=\toks22
\multlinegap=\skip87
\multlinetaggap=\skip88
\mathdisplay@stack=\toks23
LaTeX Info: Redefining \[ on input line 2923.
LaTeX Info: Redefining \] on input line 2924.
)
(C:\Users\Kien Nguyen\AppData\Local\Programs\MiKTeX\tex/latex/tools\array.sty
Package: array 2021/04/20 v2.5e Tabular extension package (FMi)
\col@sep=\dimen148
\ar@mcellbox=\box54
\extrarowheight=\dimen149
\NC@list=\toks24
\extratabsurround=\skip89
\backup@length=\skip90
\ar@cellbox=\box55
)
(C:\Users\Kien Nguyen\AppData\Local\Programs\MiKTeX\tex/latex/chngcntr\chngcntr
.sty
Package: chngcntr 2018/04/09 v1.1a change counter resetting
Package chngcntr Info: \counterwithout already defined.
(chngcntr)             Quitting chngcntr on input line 21.
)
(C:\Users\Kien Nguyen\AppData\Local\Programs\MiKTeX\tex/latex/koma-script\scrla
yer-scrpage.sty
Package: scrlayer-scrpage 2021/03/17 v3.33 KOMA-Script package (end user interf
ace for scrlayer)

(C:\Users\Kien Nguyen\AppData\Local\Programs\MiKTeX\tex/latex/koma-script\scrla
yer.sty
Package: scrlayer 2021/03/17 v3.33 KOMA-Script package (defining layers and pag
e styles)
Package scrlayer Info: Using already defined \footheight
(scrlayer)             hoping, that this is a length and
(scrlayer)             not only a macro on input line 136.
Package scrlayer Info: patching LaTeX kernel macro \pagestyle on input line 216
2.
)
Package scrlayer-scrpage Info: Makeing stand-alone element `pagehead' from
(scrlayer-scrpage)             alias to `pageheadfoot' on input line 1085.
Package scrlayer-scrpage Info: deactivating warning for font element
(scrlayer-scrpage)             `pagefoot' on input line 1109.
)
Package scrlayer-scrpage Info: auto-selection of `pagestyleset=KOMA-Script'.

1: section
1: chapter
1: chapter
1: section

(C:\Users\Kien Nguyen\AppData\Local\Programs\MiKTeX\tex/latex/hyperref\hyperref
.sty
Package: hyperref 2021-06-07 v7.00m Hypertext links for LaTeX

(C:\Users\Kien Nguyen\AppData\Local\Programs\MiKTeX\tex/generic/kvdefinekeys\kv
definekeys.sty
Package: kvdefinekeys 2019-12-19 v1.6 Define keys (HO)
)
(C:\Users\Kien Nguyen\AppData\Local\Programs\MiKTeX\tex/generic/pdfescape\pdfes
cape.sty
Package: pdfescape 2019/12/09 v1.15 Implements pdfTeX's escape features (HO)
)
(C:\Users\Kien Nguyen\AppData\Local\Programs\MiKTeX\tex/latex/hycolor\hycolor.s
ty
Package: hycolor 2020-01-27 v1.10 Color options for hyperref/bookmark (HO)
)
(C:\Users\Kien Nguyen\AppData\Local\Programs\MiKTeX\tex/latex/letltxmacro\letlt
xmacro.sty
Package: letltxmacro 2019/12/03 v1.6 Let assignment for LaTeX macros (HO)
)
(C:\Users\Kien Nguyen\AppData\Local\Programs\MiKTeX\tex/latex/auxhook\auxhook.s
ty
Package: auxhook 2019-12-17 v1.6 Hooks for auxiliary files (HO)
)
\@linkdim=\dimen150
\Hy@linkcounter=\count398
\Hy@pagecounter=\count399

(C:\Users\Kien Nguyen\AppData\Local\Programs\MiKTeX\tex/latex/hyperref\pd1enc.d
ef
File: pd1enc.def 2021-06-07 v7.00m Hyperref: PDFDocEncoding definition (HO)
Now handling font encoding PD1 ...
... no UTF-8 mapping file for font encoding PD1
)
(C:\Users\Kien Nguyen\AppData\Local\Programs\MiKTeX\tex/latex/hyperref\hyperref
-langpatches.def
File: hyperref-langpatches.def 2021-06-07 v7.00m Hyperref: patches for babel la
nguages
)
(C:\Users\Kien Nguyen\AppData\Local\Programs\MiKTeX\tex/generic/intcalc\intcalc
.sty
Package: intcalc 2019/12/15 v1.3 Expandable calculations with integers (HO)
)
(C:\Users\Kien Nguyen\AppData\Local\Programs\MiKTeX\tex/generic/etexcmds\etexcm
ds.sty
Package: etexcmds 2019/12/15 v1.7 Avoid name clashes with e-TeX commands (HO)
)
\Hy@SavedSpaceFactor=\count400

(C:\Users\Kien Nguyen\AppData\Local\Programs\MiKTeX\tex/latex/hyperref\puenc.de
f
File: puenc.def 2021-06-07 v7.00m Hyperref: PDF Unicode definition (HO)
Now handling font encoding PU ...
... no UTF-8 mapping file for font encoding PU
)
Package hyperref Info: Hyper figures OFF on input line 4192.
Package hyperref Info: Link nesting OFF on input line 4197.
Package hyperref Info: Hyper index ON on input line 4200.
Package hyperref Info: Plain pages OFF on input line 4207.
Package hyperref Info: Backreferencing OFF on input line 4212.
Package hyperref Info: Implicit mode ON; LaTeX internals redefined.
Package hyperref Info: Bookmarks ON on input line 4445.
\c@Hy@tempcnt=\count401
LaTeX Info: Redefining \url on input line 4804.
\XeTeXLinkMargin=\dimen151

(C:\Users\Kien Nguyen\AppData\Local\Programs\MiKTeX\tex/generic/bitset\bitset.s
ty
Package: bitset 2019/12/09 v1.3 Handle bit-vector datatype (HO)

(C:\Users\Kien Nguyen\AppData\Local\Programs\MiKTeX\tex/generic/bigintcalc\bigi
ntcalc.sty
Package: bigintcalc 2019/12/15 v1.5 Expandable calculations on big integers (HO
)
))
\Fld@menulength=\count402
\Field@Width=\dimen152
\Fld@charsize=\dimen153
Package hyperref Info: Hyper figures OFF on input line 6076.
Package hyperref Info: Link nesting OFF on input line 6081.
Package hyperref Info: Hyper index ON on input line 6084.
Package hyperref Info: backreferencing OFF on input line 6091.
Package hyperref Info: Link coloring OFF on input line 6096.
Package hyperref Info: Link coloring with OCG OFF on input line 6101.
Package hyperref Info: PDF/A mode OFF on input line 6106.
LaTeX Info: Redefining \ref on input line 6146.
LaTeX Info: Redefining \pageref on input line 6150.

(C:\Users\Kien Nguyen\AppData\Local\Programs\MiKTeX\tex/latex/base\atbegshi-ltx
.sty
Package: atbegshi-ltx 2021/01/10 v1.0c Emulation of the original atbegshi
package with kernel methods
)
\Hy@abspage=\count403
\c@Item=\count404
\c@Hfootnote=\count405
)
Package hyperref Info: Driver (autodetected): hpdftex.

(C:\Users\Kien Nguyen\AppData\Local\Programs\MiKTeX\tex/latex/hyperref\hpdftex.
def
File: hpdftex.def 2021-06-07 v7.00m Hyperref driver for pdfTeX

(C:\Users\Kien Nguyen\AppData\Local\Programs\MiKTeX\tex/latex/base\atveryend-lt
x.sty
Package: atveryend-ltx 2020/08/19 v1.0a Emulation of the original atvery packag
e
with kernel methods
)
\Fld@listcount=\count406
\c@bookmark@seq@number=\count407

(C:\Users\Kien Nguyen\AppData\Local\Programs\MiKTeX\tex/latex/rerunfilecheck\re
runfilecheck.sty
Package: rerunfilecheck 2019/12/05 v1.9 Rerun checks for auxiliary files (HO)

(C:\Users\Kien Nguyen\AppData\Local\Programs\MiKTeX\tex/generic/uniquecounter\u
niquecounter.sty
Package: uniquecounter 2019/12/15 v1.4 Provide unlimited unique counter (HO)
)
Package uniquecounter Info: New unique counter `rerunfilecheck' on input line 2
86.
)
\Hy@SectionHShift=\skip91
)
(C:\Users\Kien Nguyen\AppData\Local\Programs\MiKTeX\tex/generic/babel\babel.sty
Package: babel 2021/06/02 3.60 The Babel package

(C:\Users\Kien Nguyen\AppData\Local\Programs\MiKTeX\tex/generic/babel\babel.def
File: babel.def 2021/06/02 3.60 Babel common definitions
\babel@savecnt=\count408
\U@D=\dimen154
\l@unhyphenated=\language80

(C:\Users\Kien Nguyen\AppData\Local\Programs\MiKTeX\tex/generic/babel\txtbabel.
def)
\bbl@readstream=\read3
)
\bbl@dirlevel=\count409

*************************************
* Local config file bblopts.cfg used
*

(C:\Users\Kien Nguyen\AppData\Local\Programs\MiKTeX\tex/latex/arabi\bblopts.cfg
File: bblopts.cfg 2005/09/08 v0.1 add Arabic and Farsi to "declared" options of
 babel
)
(C:\Users\Kien Nguyen\AppData\Local\Programs\MiKTeX\tex/latex/babel-english\eng
lish.ldf
Language: english 2017/06/06 v3.3r English support from the babel system
Package babel Info: Hyphen rules for 'canadian' set to \l@english
(babel)             (\language0). Reported on input line 102.
Package babel Info: Hyphen rules for 'australian' set to \l@ukenglish
(babel)             (\language73). Reported on input line 105.
Package babel Info: Hyphen rules for 'newzealand' set to \l@ukenglish
(babel)             (\language73). Reported on input line 108.
)
(C:\Users\Kien Nguyen\AppData\Local\Programs\MiKTeX\tex/latex/babel-german\nger
man.ldf
Language: ngerman 2021/02/27 v2.13 German support for babel (post-1996 orthogra
phy)

(C:\Users\Kien Nguyen\AppData\Local\Programs\MiKTeX\tex/latex/babel-german\nger
manb.ldf
Language: ngermanb 2021/02/27 v2.13 German support for babel (post-1996 orthogr
aphy)
Package babel Info: Making " an active character on input line 122.
)))
(C:\Users\Kien Nguyen\AppData\Local\Programs\MiKTeX\tex/latex/csquotes\csquotes
.sty
Package: csquotes 2021-02-22 v5.2l context-sensitive quotations (JAW)
\csq@reset=\count410
\csq@gtype=\count411
\csq@glevel=\count412
\csq@qlevel=\count413
\csq@maxlvl=\count414
\csq@tshold=\count415
\csq@ltx@everypar=\toks25

(C:\Users\Kien Nguyen\AppData\Local\Programs\MiKTeX\tex/latex/csquotes\csquotes
.def
File: csquotes.def 2021-02-22 v5.2l csquotes generic definitions (JAW)
)
Package csquotes Info: Trying to load configuration file 'csquotes.cfg'...
Package csquotes Info: ... configuration file loaded successfully.

(C:\Users\Kien Nguyen\AppData\Local\Programs\MiKTeX\tex/latex/csquotes\csquotes
.cfg
File: csquotes.cfg 
))
(C:\Users\Kien Nguyen\AppData\Local\Programs\MiKTeX\tex/latex/colortbl\colortbl
.sty
Package: colortbl 2020/01/04 v1.0e Color table columns (DPC)
\everycr=\toks26
\minrowclearance=\skip92
)
(C:\Users\Kien Nguyen\AppData\Local\Programs\MiKTeX\tex/latex/enumitem\enumitem
.sty
Package: enumitem 2019/06/20 v3.9 Customized lists
\labelindent=\skip93
\enit@outerparindent=\dimen155
\enit@toks=\toks27
\enit@inbox=\box56
\enit@count@id=\count416
\enitdp@description=\count417
)
(C:\Users\Kien Nguyen\AppData\Local\Programs\MiKTeX\tex/latex/float\float.sty
Package: float 2001/11/08 v1.3d Float enhancements (AL)
\c@float@type=\count418
\float@exts=\toks28
\float@box=\box57
\@float@everytoks=\toks29
\@floatcapt=\box58
)
(C:\Users\Kien Nguyen\AppData\Local\Programs\MiKTeX\tex/latex/mdwtools\footnote
.sty
Package: footnote 1997/01/28 1.13 Save footnotes around boxes
\fn@notes=\box59
\fn@width=\dimen156
)
(C:\Users\Kien Nguyen\AppData\Local\Programs\MiKTeX\tex/latex/fnpct\fnpct.sty
(C:\Users\Kien Nguyen\AppData\Local\Programs\MiKTeX\tex/latex/l3packages/l3keys
2e\l3keys2e.sty
(C:\Users\Kien Nguyen\AppData\Local\Programs\MiKTeX\tex/latex/l3kernel\expl3.st
y
Package: expl3 2021-06-01 L3 programming layer (loader) 

(C:\Users\Kien Nguyen\AppData\Local\Programs\MiKTeX\tex/latex/l3backend\l3backe
nd-pdftex.def
File: l3backend-pdftex.def 2021-05-07 L3 backend support: PDF output (pdfTeX)
\l__color_backend_stack_int=\count419
\l__pdf_internal_box=\box60
))
Package: l3keys2e 2021-06-01 LaTeX2e option processing using LaTeX3 keys
)
Package: fnpct 2021/01/21 v1.0 footnote kerning
\l__fnpct_collection_int=\count420
\l__fnpct_before_footnote_dim=\dimen157
\l__fnpct_before_dot_dim=\dimen158
\l__fnpct_after_dot_dim=\dimen159
\l__fnpct_before_comma_dim=\dimen160
\l__fnpct_after_comma_dim=\dimen161
\l__fnpct_before_collect_dim=\dimen162
\l__fnpct_after_collect_dim=\dimen163

(C:\Users\Kien Nguyen\AppData\Local\Programs\MiKTeX\tex/latex/translations\tran
slations.sty
Package: translations 2021/01/17 v1.10a internationalization of LaTeX2e package
s (CN)
))
(C:\Users\Kien Nguyen\AppData\Local\Programs\MiKTeX\tex/latex/graphics\graphicx
.sty
Package: graphicx 2020/12/05 v1.2c Enhanced LaTeX Graphics (DPC,SPQR)

(C:\Users\Kien Nguyen\AppData\Local\Programs\MiKTeX\tex/latex/graphics\graphics
.sty
Package: graphics 2021/03/04 v1.4d Standard LaTeX Graphics (DPC,SPQR)

(C:\Users\Kien Nguyen\AppData\Local\Programs\MiKTeX\tex/latex/graphics\trig.sty
Package: trig 2016/01/03 v1.10 sin cos tan (DPC)
)
(C:\Users\Kien Nguyen\AppData\Local\Programs\MiKTeX\tex/latex/graphics-cfg\grap
hics.cfg
File: graphics.cfg 2016/06/04 v1.11 sample graphics configuration
)
Package graphics Info: Driver file: pdftex.def on input line 107.
)
\Gin@req@height=\dimen164
\Gin@req@width=\dimen165
)
(C:\Users\Kien Nguyen\AppData\Local\Programs\MiKTeX\tex/latex/listings\listings
.sty
\lst@mode=\count421
\lst@gtempboxa=\box61
\lst@token=\toks30
\lst@length=\count422
\lst@currlwidth=\dimen166
\lst@column=\count423
\lst@pos=\count424
\lst@lostspace=\dimen167
\lst@width=\dimen168
\lst@newlines=\count425
\lst@lineno=\count426
\lst@maxwidth=\dimen169

(C:\Users\Kien Nguyen\AppData\Local\Programs\MiKTeX\tex/latex/listings\lstmisc.
sty
File: lstmisc.sty 2020/03/24 1.8d (Carsten Heinz)
\c@lstnumber=\count427
\lst@skipnumbers=\count428
\lst@framebox=\box62
)
(C:\Users\Kien Nguyen\AppData\Local\Programs\MiKTeX\tex/latex/listings\listings
.cfg
File: listings.cfg 2020/03/24 1.8d listings configuration
))
Package: listings 2020/03/24 1.8d (Carsten Heinz)

(C:\Users\Kien Nguyen\AppData\Local\Programs\MiKTeX\tex/latex/algorithm2e\algor
ithm2e.sty
Package: algorithm2e 2017/07/18 v5.2 algorithms environments
\c@AlgoLine=\count429
\algocf@hangindent=\skip94

(C:\Users\Kien Nguyen\AppData\Local\Programs\MiKTeX\tex/latex/ifoddpage\ifoddpa
ge.sty
Package: ifoddpage 2016/04/23 v1.1 Conditionals for odd/even page detection
\c@checkoddpage=\count430
)
(C:\Users\Kien Nguyen\AppData\Local\Programs\MiKTeX\tex/latex/tools\xspace.sty
Package: xspace 2014/10/28 v1.13 Space after command names (DPC,MH)
)
(C:\Users\Kien Nguyen\AppData\Local\Programs\MiKTeX\tex/latex/relsize\relsize.s
ty
Package: relsize 2013/03/29 ver 4.1
)
\skiptotal=\skip95
\skiplinenumber=\skip96
\skiprule=\skip97
\skiphlne=\skip98
\skiptext=\skip99
\skiplength=\skip100
\algomargin=\skip101
\skipalgocfslide=\skip102
\algowidth=\dimen170
\inoutsize=\dimen171
\inoutindent=\dimen172
\interspacetitleruled=\dimen173
\interspacealgoruled=\dimen174
\interspacetitleboxruled=\dimen175
\algocf@ruledwidth=\skip103
\algocf@inoutbox=\box63
\algocf@inputbox=\box64
\AlCapSkip=\skip104
\AlCapHSkip=\skip105
\algoskipindent=\skip106
\algocf@nlbox=\box65
\algocf@hangingbox=\box66
\algocf@untilbox=\box67
\algocf@skipuntil=\skip107
\algocf@capbox=\box68
\algocf@lcaptionbox=\skip108
\algoheightruledefault=\skip109
\algoheightrule=\skip110
\algotitleheightruledefault=\skip111
\algotitleheightrule=\skip112
\c@algocfline=\count431
\c@algocfproc=\count432
\c@algocf=\count433
\algocf@algoframe=\box69
\algocf@algobox=\box70
)
(C:\Users\Kien Nguyen\AppData\Local\Programs\MiKTeX\tex/latex/caption\caption.s
ty
Package: caption 2020/10/26 v3.5g Customizing captions (AR)

(C:\Users\Kien Nguyen\AppData\Local\Programs\MiKTeX\tex/latex/caption\caption3.
sty
Package: caption3 2020/10/21 v2.2e caption3 kernel (AR)
\captionmargin=\dimen176
\captionmargin@=\dimen177
\captionwidth=\dimen178
\caption@tempdima=\dimen179
\caption@indent=\dimen180
\caption@parindent=\dimen181
\caption@hangindent=\dimen182
Package caption Info: KOMA-Script document class detected.

(C:\Users\Kien Nguyen\AppData\Local\Programs\MiKTeX\tex/latex/caption\caption-k
oma.sto
File: caption-koma.sto 2020/09/21 v2.0b Adaption of the caption package to the 
KOMA-Script document classes (AR)
))
\c@caption@flags=\count434
\c@continuedfloat=\count435
Package caption Info: float package is loaded.
Package caption Info: hyperref package is loaded.
Package caption Info: listings package is loaded.
)
(C:\Users\Kien Nguyen\AppData\Local\Programs\MiKTeX\tex/latex/base\makeidx.sty
Package: makeidx 2014/09/29 v1.0m Standard LaTeX package
)
(C:\Users\Kien Nguyen\AppData\Local\Programs\MiKTeX\tex/latex/multirow\multirow
.sty
Package: multirow 2021/03/15 v2.8 Span multiple rows of a table
\multirow@colwidth=\skip113
\multirow@cntb=\count436
\multirow@dima=\skip114
\bigstrutjot=\dimen183
)
(C:\Users\Kien Nguyen\AppData\Local\Programs\MiKTeX\tex/latex/koma-script\scrha
ck.sty
Package: scrhack 2021/03/17 v3.33 KOMA-Script package (hacking other packages)

(C:\Users\Kien Nguyen\AppData\Local\Programs\MiKTeX\tex/latex/xpatch\xpatch.sty
Package: xpatch 2020/03/25 v0.3a Extending etoolbox patching commands

(C:\Users\Kien Nguyen\AppData\Local\Programs\MiKTeX\tex/latex/l3packages/xparse
\xparse.sty
Package: xparse 2021-06-01 L3 Experimental document command parser
))
Package scrhack Info: hyperref hack deactivated because of
(scrhack)             detection of hyperref version, that doesn't
(scrhack)             need that hack, on input line 162.
Package scrhack Info: loading float hack on input line 169.

(C:\Users\Kien Nguyen\AppData\Local\Programs\MiKTeX\tex/latex/koma-script\float
.hak
File: float.hak 2021/03/17 v3.33 KOMA-Script scrhack part (hacking package floa
t)
Package scrhack Info: redefining \newfloat on input line 163.
Package scrhack Info: redefining \listof on input line 163.
Package scrhack Info: undefining \float@addtolists on input line 163.
)
Package scrhack Info: loading listings hack on input line 183.

(C:\Users\Kien Nguyen\AppData\Local\Programs\MiKTeX\tex/latex/koma-script\listi
ngs.hak
File: listings.hak 2021/03/17 v3.33 KOMA-Script scrhack part (hacking package l
istings)
Package tocbasic Info: setting babel extension for `lol' on input line 143.
Package scrhack Info: redefining \lstlistoflistings on input line 143.
))
(C:\Users\Kien Nguyen\AppData\Local\Programs\MiKTeX\tex/latex/microtype\microty
pe.sty
Package: microtype 2021/03/14 v2.8c Micro-typographical refinements (RS)
\MT@toks=\toks31
\MT@count=\count437
LaTeX Info: Redefining \textls on input line 790.
\MT@outer@kern=\dimen184
LaTeX Info: Redefining \textmicrotypecontext on input line 1374.
\MT@listname@count=\count438

(C:\Users\Kien Nguyen\AppData\Local\Programs\MiKTeX\tex/latex/microtype\microty
pe-pdftex.def
File: microtype-pdftex.def 2021/03/14 v2.8c Definitions specific to pdftex (RS)

LaTeX Info: Redefining \lsstyle on input line 915.
LaTeX Info: Redefining \lslig on input line 915.
\MT@outer@space=\skip115
)
Package microtype Info: Loading configuration file microtype.cfg.

(C:\Users\Kien Nguyen\AppData\Local\Programs\MiKTeX\tex/latex/microtype\microty
pe.cfg
File: microtype.cfg 2021/03/14 v2.8c microtype main configuration file (RS)
))
(C:\Users\Kien Nguyen\AppData\Local\Programs\MiKTeX\tex/latex/psnfss\mathpazo.s
ty
Package: mathpazo 2020/03/25 PSNFSS-v9.3 Palatino w/ Pazo Math (D.Puga, WaS) 
\symupright=\mathgroup4
)
(C:\Users\Kien Nguyen\AppData\Local\Programs\MiKTeX\tex/latex/sourcecodepro\sou
rcecodepro.sty
Package: sourcecodepro 2018/01/13 v2.7 Adobe's Source Code Pro typeface

(C:\Users\Kien Nguyen\AppData\Local\Programs\MiKTeX\tex/generic/iftex\ifxetex.s
ty
Package: ifxetex 2019/10/25 v0.7 ifxetex legacy package. Use iftex instead.
)
(C:\Users\Kien Nguyen\AppData\Local\Programs\MiKTeX\tex/generic/iftex\ifluatex.
sty
Package: ifluatex 2019/10/25 v1.5 ifluatex legacy package. Use iftex instead.
)
(C:\Users\Kien Nguyen\AppData\Local\Programs\MiKTeX\tex/latex/xkeyval\xkeyval.s
ty
Package: xkeyval 2020/11/20 v2.8 package option processing (HA)

(C:\Users\Kien Nguyen\AppData\Local\Programs\MiKTeX\tex/generic/xkeyval\xkeyval
.tex
(C:\Users\Kien Nguyen\AppData\Local\Programs\MiKTeX\tex/generic/xkeyval\xkvutil
s.tex
\XKV@toks=\toks32
\XKV@tempa@toks=\toks33
)
\XKV@depth=\count439
File: xkeyval.tex 2014/12/03 v2.7a key=value parser (HA)
))
(C:\Users\Kien Nguyen\AppData\Local\Programs\MiKTeX\tex/latex/base\fontenc.sty
Package: fontenc 2021/04/29 v2.0v Standard LaTeX package

(C:\Users\Kien Nguyen\AppData\Local\Programs\MiKTeX\tex/latex/ly1\ly1enc.def
File: ly1enc.def 2009/07/22 v0.7 TeX 'n ANSI encoding (DPC/KB)
Now handling font encoding LY1 ...
... processing UTF-8 mapping file for font encoding LY1

(C:\Users\Kien Nguyen\AppData\Local\Programs\MiKTeX\tex/latex/base\ly1enc.dfu
File: ly1enc.dfu 2021/01/27 v1.2l UTF-8 support for inputenc
   defining Unicode char U+00A0 (decimal 160)
   defining Unicode char U+00A1 (decimal 161)
   defining Unicode char U+00A2 (decimal 162)
   defining Unicode char U+00A3 (decimal 163)
   defining Unicode char U+00A4 (decimal 164)
   defining Unicode char U+00A5 (decimal 165)
   defining Unicode char U+00A6 (decimal 166)
   defining Unicode char U+00A7 (decimal 167)
   defining Unicode char U+00AA (decimal 170)
   defining Unicode char U+00AB (decimal 171)
   defining Unicode char U+00AD (decimal 173)
   defining Unicode char U+00AE (decimal 174)
   defining Unicode char U+00B0 (decimal 176)
   defining Unicode char U+00B5 (decimal 181)
   defining Unicode char U+00B6 (decimal 182)
   defining Unicode char U+00B7 (decimal 183)
   defining Unicode char U+00BA (decimal 186)
   defining Unicode char U+00BB (decimal 187)
   defining Unicode char U+00BC (decimal 188)
   defining Unicode char U+00BD (decimal 189)
   defining Unicode char U+00BE (decimal 190)
   defining Unicode char U+00BF (decimal 191)
   defining Unicode char U+00C0 (decimal 192)
   defining Unicode char U+00C1 (decimal 193)
   defining Unicode char U+00C2 (decimal 194)
   defining Unicode char U+00C3 (decimal 195)
   defining Unicode char U+00C4 (decimal 196)
   defining Unicode char U+00C5 (decimal 197)
   defining Unicode char U+00C6 (decimal 198)
   defining Unicode char U+00C7 (decimal 199)
   defining Unicode char U+00C8 (decimal 200)
   defining Unicode char U+00C9 (decimal 201)
   defining Unicode char U+00CA (decimal 202)
   defining Unicode char U+00CB (decimal 203)
   defining Unicode char U+00CC (decimal 204)
   defining Unicode char U+00CD (decimal 205)
   defining Unicode char U+00CE (decimal 206)
   defining Unicode char U+00CF (decimal 207)
   defining Unicode char U+00D0 (decimal 208)
   defining Unicode char U+00D1 (decimal 209)
   defining Unicode char U+00D2 (decimal 210)
   defining Unicode char U+00D3 (decimal 211)
   defining Unicode char U+00D4 (decimal 212)
   defining Unicode char U+00D5 (decimal 213)
   defining Unicode char U+00D6 (decimal 214)
   defining Unicode char U+00D8 (decimal 216)
   defining Unicode char U+00D9 (decimal 217)
   defining Unicode char U+00DA (decimal 218)
   defining Unicode char U+00DB (decimal 219)
   defining Unicode char U+00DC (decimal 220)
   defining Unicode char U+00DD (decimal 221)
   defining Unicode char U+00DE (decimal 222)
   defining Unicode char U+00DF (decimal 223)
   defining Unicode char U+00E0 (decimal 224)
   defining Unicode char U+00E1 (decimal 225)
   defining Unicode char U+00E2 (decimal 226)
   defining Unicode char U+00E3 (decimal 227)
   defining Unicode char U+00E4 (decimal 228)
   defining Unicode char U+00E5 (decimal 229)
   defining Unicode char U+00E6 (decimal 230)
   defining Unicode char U+00E7 (decimal 231)
   defining Unicode char U+00E8 (decimal 232)
   defining Unicode char U+00E9 (decimal 233)
   defining Unicode char U+00EA (decimal 234)
   defining Unicode char U+00EB (decimal 235)
   defining Unicode char U+00EC (decimal 236)
   defining Unicode char U+00ED (decimal 237)
   defining Unicode char U+00EE (decimal 238)
   defining Unicode char U+00EF (decimal 239)
   defining Unicode char U+00F0 (decimal 240)
   defining Unicode char U+00F1 (decimal 241)
   defining Unicode char U+00F2 (decimal 242)
   defining Unicode char U+00F3 (decimal 243)
   defining Unicode char U+00F4 (decimal 244)
   defining Unicode char U+00F5 (decimal 245)
   defining Unicode char U+00F6 (decimal 246)
   defining Unicode char U+00F8 (decimal 248)
   defining Unicode char U+00F9 (decimal 249)
   defining Unicode char U+00FA (decimal 250)
   defining Unicode char U+00FB (decimal 251)
   defining Unicode char U+00FC (decimal 252)
   defining Unicode char U+00FD (decimal 253)
   defining Unicode char U+00FE (decimal 254)
   defining Unicode char U+00FF (decimal 255)
   defining Unicode char U+0131 (decimal 305)
   defining Unicode char U+0141 (decimal 321)
   defining Unicode char U+0142 (decimal 322)
   defining Unicode char U+0152 (decimal 338)
   defining Unicode char U+0153 (decimal 339)
   defining Unicode char U+0160 (decimal 352)
   defining Unicode char U+0161 (decimal 353)
   defining Unicode char U+0174 (decimal 372)
   defining Unicode char U+0175 (decimal 373)
   defining Unicode char U+0176 (decimal 374)
   defining Unicode char U+0177 (decimal 375)
   defining Unicode char U+0178 (decimal 376)
   defining Unicode char U+017D (decimal 381)
   defining Unicode char U+017E (decimal 382)
   defining Unicode char U+0192 (decimal 402)
   defining Unicode char U+0218 (decimal 536)
   defining Unicode char U+0219 (decimal 537)
   defining Unicode char U+021A (decimal 538)
   defining Unicode char U+021B (decimal 539)
   defining Unicode char U+0237 (decimal 567)
   defining Unicode char U+02C6 (decimal 710)
   defining Unicode char U+02DC (decimal 732)
   defining Unicode char U+2013 (decimal 8211)
   defining Unicode char U+2014 (decimal 8212)
   defining Unicode char U+201C (decimal 8220)
   defining Unicode char U+201D (decimal 8221)
   defining Unicode char U+2020 (decimal 8224)
   defining Unicode char U+2021 (decimal 8225)
   defining Unicode char U+2022 (decimal 8226)
   defining Unicode char U+2026 (decimal 8230)
   defining Unicode char U+2030 (decimal 8240)
   defining Unicode char U+2039 (decimal 8249)
   defining Unicode char U+203A (decimal 8250)
   defining Unicode char U+2122 (decimal 8482)
   defining Unicode char U+FB00 (decimal 64256)
   defining Unicode char U+FB01 (decimal 64257)
   defining Unicode char U+FB02 (decimal 64258)
   defining Unicode char U+FB03 (decimal 64259)
   defining Unicode char U+FB04 (decimal 64260)
   defining Unicode char U+FB05 (decimal 64261)
   defining Unicode char U+FB06 (decimal 64262)
))
LaTeX Font Info:    Trying to load font information for T1+pplj on input line 1
12.
(C:\Users\Kien Nguyen\AppData\Local\Programs\MiKTeX\tex/latex/psnfss\t1pplj.fd
File: t1pplj.fd 2004/09/06 font definitions for T1/pplj.
)))
(C:\Users\Kien Nguyen\AppData\Local\Programs\MiKTeX\tex/latex/sourcesanspro\sou
rcesanspro.sty
Package: sourcesanspro 2018/05/19 v2.7 Adobe's Source Sans Pro typeface

(C:\Users\Kien Nguyen\AppData\Local\Programs\MiKTeX\tex/latex/base\fontenc.sty
Package: fontenc 2021/04/29 v2.0v Standard LaTeX package
))
(C:\Users\Kien Nguyen\AppData\Local\Programs\MiKTeX\tex/latex/textcase\textcase
.sty
Package: textcase 2019/09/14 v1.00 Text only upper/lower case changing (DPC)
)
(C:\Users\Kien Nguyen\AppData\Local\Programs\MiKTeX\tex/latex/pgf/frontendlayer
\tikz.sty
(C:\Users\Kien Nguyen\AppData\Local\Programs\MiKTeX\tex/latex/pgf/basiclayer\pg
f.sty
(C:\Users\Kien Nguyen\AppData\Local\Programs\MiKTeX\tex/latex/pgf/utilities\pgf
rcs.sty
(C:\Users\Kien Nguyen\AppData\Local\Programs\MiKTeX\tex/generic/pgf/utilities\p
gfutil-common.tex
\pgfutil@everybye=\toks34
\pgfutil@tempdima=\dimen185
\pgfutil@tempdimb=\dimen186

(C:\Users\Kien Nguyen\AppData\Local\Programs\MiKTeX\tex/generic/pgf/utilities\p
gfutil-common-lists.tex))
(C:\Users\Kien Nguyen\AppData\Local\Programs\MiKTeX\tex/generic/pgf/utilities\p
gfutil-latex.def
\pgfutil@abb=\box71
)
(C:\Users\Kien Nguyen\AppData\Local\Programs\MiKTeX\tex/generic/pgf/utilities\p
gfrcs.code.tex
(C:\Users\Kien Nguyen\AppData\Local\Programs\MiKTeX\tex/generic/pgf\pgf.revisio
n.tex)
Package: pgfrcs 2021/05/15 v3.1.9a (3.1.9a)
))
Package: pgf 2021/05/15 v3.1.9a (3.1.9a)

(C:\Users\Kien Nguyen\AppData\Local\Programs\MiKTeX\tex/latex/pgf/basiclayer\pg
fcore.sty
(C:\Users\Kien Nguyen\AppData\Local\Programs\MiKTeX\tex/latex/pgf/systemlayer\p
gfsys.sty
(C:\Users\Kien Nguyen\AppData\Local\Programs\MiKTeX\tex/generic/pgf/systemlayer
\pgfsys.code.tex
Package: pgfsys 2021/05/15 v3.1.9a (3.1.9a)

(C:\Users\Kien Nguyen\AppData\Local\Programs\MiKTeX\tex/generic/pgf/utilities\p
gfkeys.code.tex
\pgfkeys@pathtoks=\toks35
\pgfkeys@temptoks=\toks36

(C:\Users\Kien Nguyen\AppData\Local\Programs\MiKTeX\tex/generic/pgf/utilities\p
gfkeysfiltered.code.tex
\pgfkeys@tmptoks=\toks37
))
\pgf@x=\dimen187
\pgf@y=\dimen188
\pgf@xa=\dimen189
\pgf@ya=\dimen190
\pgf@xb=\dimen191
\pgf@yb=\dimen192
\pgf@xc=\dimen193
\pgf@yc=\dimen194
\pgf@xd=\dimen195
\pgf@yd=\dimen196
\w@pgf@writea=\write4
\r@pgf@reada=\read4
\c@pgf@counta=\count440
\c@pgf@countb=\count441
\c@pgf@countc=\count442
\c@pgf@countd=\count443
\t@pgf@toka=\toks38
\t@pgf@tokb=\toks39
\t@pgf@tokc=\toks40
\pgf@sys@id@count=\count444

(C:\Users\Kien Nguyen\AppData\Local\Programs\MiKTeX\tex/generic/pgf/systemlayer
\pgf.cfg
File: pgf.cfg 2021/05/15 v3.1.9a (3.1.9a)
)
Driver file for pgf: pgfsys-pdftex.def

(C:\Users\Kien Nguyen\AppData\Local\Programs\MiKTeX\tex/generic/pgf/systemlayer
\pgfsys-pdftex.def
File: pgfsys-pdftex.def 2021/05/15 v3.1.9a (3.1.9a)

(C:\Users\Kien Nguyen\AppData\Local\Programs\MiKTeX\tex/generic/pgf/systemlayer
\pgfsys-common-pdf.def
File: pgfsys-common-pdf.def 2021/05/15 v3.1.9a (3.1.9a)
)))
(C:\Users\Kien Nguyen\AppData\Local\Programs\MiKTeX\tex/generic/pgf/systemlayer
\pgfsyssoftpath.code.tex
File: pgfsyssoftpath.code.tex 2021/05/15 v3.1.9a (3.1.9a)
\pgfsyssoftpath@smallbuffer@items=\count445
\pgfsyssoftpath@bigbuffer@items=\count446
)
(C:\Users\Kien Nguyen\AppData\Local\Programs\MiKTeX\tex/generic/pgf/systemlayer
\pgfsysprotocol.code.tex
File: pgfsysprotocol.code.tex 2021/05/15 v3.1.9a (3.1.9a)
))
(C:\Users\Kien Nguyen\AppData\Local\Programs\MiKTeX\tex/generic/pgf/basiclayer\
pgfcore.code.tex
Package: pgfcore 2021/05/15 v3.1.9a (3.1.9a)

(C:\Users\Kien Nguyen\AppData\Local\Programs\MiKTeX\tex/generic/pgf/math\pgfmat
h.code.tex
(C:\Users\Kien Nguyen\AppData\Local\Programs\MiKTeX\tex/generic/pgf/math\pgfmat
hcalc.code.tex
(C:\Users\Kien Nguyen\AppData\Local\Programs\MiKTeX\tex/generic/pgf/math\pgfmat
hutil.code.tex)
(C:\Users\Kien Nguyen\AppData\Local\Programs\MiKTeX\tex/generic/pgf/math\pgfmat
hparser.code.tex
\pgfmath@dimen=\dimen197
\pgfmath@count=\count447
\pgfmath@box=\box72
\pgfmath@toks=\toks41
\pgfmath@stack@operand=\toks42
\pgfmath@stack@operation=\toks43
)
(C:\Users\Kien Nguyen\AppData\Local\Programs\MiKTeX\tex/generic/pgf/math\pgfmat
hfunctions.code.tex
(C:\Users\Kien Nguyen\AppData\Local\Programs\MiKTeX\tex/generic/pgf/math\pgfmat
hfunctions.basic.code.tex)
(C:\Users\Kien Nguyen\AppData\Local\Programs\MiKTeX\tex/generic/pgf/math\pgfmat
hfunctions.trigonometric.code.tex)
(C:\Users\Kien Nguyen\AppData\Local\Programs\MiKTeX\tex/generic/pgf/math\pgfmat
hfunctions.random.code.tex)
(C:\Users\Kien Nguyen\AppData\Local\Programs\MiKTeX\tex/generic/pgf/math\pgfmat
hfunctions.comparison.code.tex)
(C:\Users\Kien Nguyen\AppData\Local\Programs\MiKTeX\tex/generic/pgf/math\pgfmat
hfunctions.base.code.tex)
(C:\Users\Kien Nguyen\AppData\Local\Programs\MiKTeX\tex/generic/pgf/math\pgfmat
hfunctions.round.code.tex)
(C:\Users\Kien Nguyen\AppData\Local\Programs\MiKTeX\tex/generic/pgf/math\pgfmat
hfunctions.misc.code.tex)
(C:\Users\Kien Nguyen\AppData\Local\Programs\MiKTeX\tex/generic/pgf/math\pgfmat
hfunctions.integerarithmetics.code.tex)))
(C:\Users\Kien Nguyen\AppData\Local\Programs\MiKTeX\tex/generic/pgf/math\pgfmat
hfloat.code.tex
\c@pgfmathroundto@lastzeros=\count448
))
(C:\Users\Kien Nguyen\AppData\Local\Programs\MiKTeX\tex/generic/pgf/math\pgfint
.code.tex)
(C:\Users\Kien Nguyen\AppData\Local\Programs\MiKTeX\tex/generic/pgf/basiclayer\
pgfcorepoints.code.tex
File: pgfcorepoints.code.tex 2021/05/15 v3.1.9a (3.1.9a)
\pgf@picminx=\dimen198
\pgf@picmaxx=\dimen199
\pgf@picminy=\dimen256
\pgf@picmaxy=\dimen257
\pgf@pathminx=\dimen258
\pgf@pathmaxx=\dimen259
\pgf@pathminy=\dimen260
\pgf@pathmaxy=\dimen261
\pgf@xx=\dimen262
\pgf@xy=\dimen263
\pgf@yx=\dimen264
\pgf@yy=\dimen265
\pgf@zx=\dimen266
\pgf@zy=\dimen267
)
(C:\Users\Kien Nguyen\AppData\Local\Programs\MiKTeX\tex/generic/pgf/basiclayer\
pgfcorepathconstruct.code.tex
File: pgfcorepathconstruct.code.tex 2021/05/15 v3.1.9a (3.1.9a)
\pgf@path@lastx=\dimen268
\pgf@path@lasty=\dimen269
)
(C:\Users\Kien Nguyen\AppData\Local\Programs\MiKTeX\tex/generic/pgf/basiclayer\
pgfcorepathusage.code.tex
File: pgfcorepathusage.code.tex 2021/05/15 v3.1.9a (3.1.9a)
\pgf@shorten@end@additional=\dimen270
\pgf@shorten@start@additional=\dimen271
)
(C:\Users\Kien Nguyen\AppData\Local\Programs\MiKTeX\tex/generic/pgf/basiclayer\
pgfcorescopes.code.tex
File: pgfcorescopes.code.tex 2021/05/15 v3.1.9a (3.1.9a)
\pgfpic=\box73
\pgf@hbox=\box74
\pgf@layerbox@main=\box75
\pgf@picture@serial@count=\count449
)
(C:\Users\Kien Nguyen\AppData\Local\Programs\MiKTeX\tex/generic/pgf/basiclayer\
pgfcoregraphicstate.code.tex
File: pgfcoregraphicstate.code.tex 2021/05/15 v3.1.9a (3.1.9a)
\pgflinewidth=\dimen272
)
(C:\Users\Kien Nguyen\AppData\Local\Programs\MiKTeX\tex/generic/pgf/basiclayer\
pgfcoretransformations.code.tex
File: pgfcoretransformations.code.tex 2021/05/15 v3.1.9a (3.1.9a)
\pgf@pt@x=\dimen273
\pgf@pt@y=\dimen274
\pgf@pt@temp=\dimen275
)
(C:\Users\Kien Nguyen\AppData\Local\Programs\MiKTeX\tex/generic/pgf/basiclayer\
pgfcorequick.code.tex
File: pgfcorequick.code.tex 2021/05/15 v3.1.9a (3.1.9a)
)
(C:\Users\Kien Nguyen\AppData\Local\Programs\MiKTeX\tex/generic/pgf/basiclayer\
pgfcoreobjects.code.tex
File: pgfcoreobjects.code.tex 2021/05/15 v3.1.9a (3.1.9a)
)
(C:\Users\Kien Nguyen\AppData\Local\Programs\MiKTeX\tex/generic/pgf/basiclayer\
pgfcorepathprocessing.code.tex
File: pgfcorepathprocessing.code.tex 2021/05/15 v3.1.9a (3.1.9a)
)
(C:\Users\Kien Nguyen\AppData\Local\Programs\MiKTeX\tex/generic/pgf/basiclayer\
pgfcorearrows.code.tex
File: pgfcorearrows.code.tex 2021/05/15 v3.1.9a (3.1.9a)
\pgfarrowsep=\dimen276
)
(C:\Users\Kien Nguyen\AppData\Local\Programs\MiKTeX\tex/generic/pgf/basiclayer\
pgfcoreshade.code.tex
File: pgfcoreshade.code.tex 2021/05/15 v3.1.9a (3.1.9a)
\pgf@max=\dimen277
\pgf@sys@shading@range@num=\count450
\pgf@shadingcount=\count451
)
(C:\Users\Kien Nguyen\AppData\Local\Programs\MiKTeX\tex/generic/pgf/basiclayer\
pgfcoreimage.code.tex
File: pgfcoreimage.code.tex 2021/05/15 v3.1.9a (3.1.9a)

(C:\Users\Kien Nguyen\AppData\Local\Programs\MiKTeX\tex/generic/pgf/basiclayer\
pgfcoreexternal.code.tex
File: pgfcoreexternal.code.tex 2021/05/15 v3.1.9a (3.1.9a)
\pgfexternal@startupbox=\box76
))
(C:\Users\Kien Nguyen\AppData\Local\Programs\MiKTeX\tex/generic/pgf/basiclayer\
pgfcorelayers.code.tex
File: pgfcorelayers.code.tex 2021/05/15 v3.1.9a (3.1.9a)
)
(C:\Users\Kien Nguyen\AppData\Local\Programs\MiKTeX\tex/generic/pgf/basiclayer\
pgfcoretransparency.code.tex
File: pgfcoretransparency.code.tex 2021/05/15 v3.1.9a (3.1.9a)
)
(C:\Users\Kien Nguyen\AppData\Local\Programs\MiKTeX\tex/generic/pgf/basiclayer\
pgfcorepatterns.code.tex
File: pgfcorepatterns.code.tex 2021/05/15 v3.1.9a (3.1.9a)
)
(C:\Users\Kien Nguyen\AppData\Local\Programs\MiKTeX\tex/generic/pgf/basiclayer\
pgfcorerdf.code.tex
File: pgfcorerdf.code.tex 2021/05/15 v3.1.9a (3.1.9a)
)))
(C:\Users\Kien Nguyen\AppData\Local\Programs\MiKTeX\tex/generic/pgf/modules\pgf
moduleshapes.code.tex
File: pgfmoduleshapes.code.tex 2021/05/15 v3.1.9a (3.1.9a)
\pgfnodeparttextbox=\box77
)
(C:\Users\Kien Nguyen\AppData\Local\Programs\MiKTeX\tex/generic/pgf/modules\pgf
moduleplot.code.tex
File: pgfmoduleplot.code.tex 2021/05/15 v3.1.9a (3.1.9a)
)
(C:\Users\Kien Nguyen\AppData\Local\Programs\MiKTeX\tex/latex/pgf/compatibility
\pgfcomp-version-0-65.sty
Package: pgfcomp-version-0-65 2021/05/15 v3.1.9a (3.1.9a)
\pgf@nodesepstart=\dimen278
\pgf@nodesepend=\dimen279
)
(C:\Users\Kien Nguyen\AppData\Local\Programs\MiKTeX\tex/latex/pgf/compatibility
\pgfcomp-version-1-18.sty
Package: pgfcomp-version-1-18 2021/05/15 v3.1.9a (3.1.9a)
))
(C:\Users\Kien Nguyen\AppData\Local\Programs\MiKTeX\tex/latex/pgf/utilities\pgf
for.sty
(C:\Users\Kien Nguyen\AppData\Local\Programs\MiKTeX\tex/latex/pgf/utilities\pgf
keys.sty
(C:\Users\Kien Nguyen\AppData\Local\Programs\MiKTeX\tex/generic/pgf/utilities\p
gfkeys.code.tex))
(C:\Users\Kien Nguyen\AppData\Local\Programs\MiKTeX\tex/latex/pgf/math\pgfmath.
sty
(C:\Users\Kien Nguyen\AppData\Local\Programs\MiKTeX\tex/generic/pgf/math\pgfmat
h.code.tex))
(C:\Users\Kien Nguyen\AppData\Local\Programs\MiKTeX\tex/generic/pgf/utilities\p
gffor.code.tex
Package: pgffor 2021/05/15 v3.1.9a (3.1.9a)

(C:\Users\Kien Nguyen\AppData\Local\Programs\MiKTeX\tex/generic/pgf/math\pgfmat
h.code.tex)
\pgffor@iter=\dimen280
\pgffor@skip=\dimen281
\pgffor@stack=\toks44
\pgffor@toks=\toks45
))
(C:\Users\Kien Nguyen\AppData\Local\Programs\MiKTeX\tex/generic/pgf/frontendlay
er/tikz\tikz.code.tex
Package: tikz 2021/05/15 v3.1.9a (3.1.9a)

(C:\Users\Kien Nguyen\AppData\Local\Programs\MiKTeX\tex/generic/pgf/libraries\p
gflibraryplothandlers.code.tex
File: pgflibraryplothandlers.code.tex 2021/05/15 v3.1.9a (3.1.9a)
\pgf@plot@mark@count=\count452
\pgfplotmarksize=\dimen282
)
\tikz@lastx=\dimen283
\tikz@lasty=\dimen284
\tikz@lastxsaved=\dimen285
\tikz@lastysaved=\dimen286
\tikz@lastmovetox=\dimen287
\tikz@lastmovetoy=\dimen288
\tikzleveldistance=\dimen289
\tikzsiblingdistance=\dimen290
\tikz@figbox=\box78
\tikz@figbox@bg=\box79
\tikz@tempbox=\box80
\tikz@tempbox@bg=\box81
\tikztreelevel=\count453
\tikznumberofchildren=\count454
\tikznumberofcurrentchild=\count455
\tikz@fig@count=\count456

(C:\Users\Kien Nguyen\AppData\Local\Programs\MiKTeX\tex/generic/pgf/modules\pgf
modulematrix.code.tex
File: pgfmodulematrix.code.tex 2021/05/15 v3.1.9a (3.1.9a)
\pgfmatrixcurrentrow=\count457
\pgfmatrixcurrentcolumn=\count458
\pgf@matrix@numberofcolumns=\count459
)
\tikz@expandcount=\count460

(C:\Users\Kien Nguyen\AppData\Local\Programs\MiKTeX\tex/generic/pgf/frontendlay
er/tikz/libraries\tikzlibrarytopaths.code.tex
File: tikzlibrarytopaths.code.tex 2021/05/15 v3.1.9a (3.1.9a)
)))
(C:\Users\Kien Nguyen\AppData\Local\Programs\MiKTeX\tex/latex/todonotes\todonot
es.sty
Package: todonotes 2021/06/04 v1.1.5 Todonotes source and documentation.
Package: todonotes 2021/06/04

(C:\Users\Kien Nguyen\AppData\Local\Programs\MiKTeX\tex/generic/pgf/frontendlay
er/tikz/libraries\tikzlibrarypositioning.code.tex
File: tikzlibrarypositioning.code.tex 2021/05/15 v3.1.9a (3.1.9a)
)
(C:\Users\Kien Nguyen\AppData\Local\Programs\MiKTeX\tex/latex/tools\calc.sty
Package: calc 2017/05/25 v4.3 Infix arithmetic (KKT,FJ)
\calc@Acount=\count461
\calc@Bcount=\count462
\calc@Adimen=\dimen291
\calc@Bdimen=\dimen292
\calc@Askip=\skip116
\calc@Bskip=\skip117
LaTeX Info: Redefining \setlength on input line 80.
LaTeX Info: Redefining \addtolength on input line 81.
\calc@Ccount=\count463
\calc@Cskip=\skip118
)
\c@@todonotes@numberoftodonotes=\count464
)
Package typearea Info: These are the values describing the layout:
(typearea)             DIV  = 10
(typearea)             BCOR = 0.0pt
(typearea)             \paperwidth      = 597.50793pt
(typearea)              \textwidth      = 418.25555pt
(typearea)              DIV departure   = -2%
(typearea)              \evensidemargin = 47.2316pt
(typearea)              \oddsidemargin  = -12.5192pt
(typearea)             \paperheight     = 845.04694pt
(typearea)              \textheight     = 595.80026pt
(typearea)              \topmargin      = -25.16531pt
(typearea)              \headheight     = 17.0pt
(typearea)              \headsep        = 20.40001pt
(typearea)              \topskip        = 11.0pt
(typearea)              \footskip       = 47.6pt
(typearea)              \baselineskip   = 13.6pt
(typearea)              on input line 66.
Class scrbook Info: File `scrsize10pt.clo' used to setup font sizes on input li
ne 66.

(C:\Users\Kien Nguyen\AppData\Local\Programs\MiKTeX\tex/latex/koma-script\scrsi
ze10pt.clo
File: scrsize10pt.clo 2021/03/17 v3.33 KOMA-Script font size class option (10pt
)
)
Package typearea Info: These are the values describing the layout:
(typearea)             DIV  = 10
(typearea)             BCOR = 34.1433pt
(typearea)             \paperwidth      = 597.50793pt
(typearea)              \textwidth      = 394.35527pt
(typearea)              DIV departure   = -5%
(typearea)              \evensidemargin = 40.40292pt
(typearea)              \oddsidemargin  = 18.20976pt
(typearea)             \paperheight     = 845.04694pt
(typearea)              \textheight     = 598.0pt
(typearea)              \topmargin      = -20.7653pt
(typearea)              \headheight     = 15.0pt
(typearea)              \headsep        = 18.0pt
(typearea)              \topskip        = 10.0pt
(typearea)              \footskip       = 42.0pt
(typearea)              \baselineskip   = 12.0pt
(typearea)              on input line 68.

1: chapter
1: chapter
1: section
\c@definition=\count465
\c@hypothesis=\count466
)
Package csquotes Info: Checking for multilingual support...
Package csquotes Info: ... found 'babel' package.
Package csquotes Info: Adjusting default style.
Package csquotes Info: Redefining alias 'default' -> 'ngerman'.
 (thesis.aux (content/coverpage.aux) (content/titlepage.aux)
(content/abstract.aux) (content/chapter1.aux) (content/chapter2.aux)
(content/chapter3.aux

LaTeX Warning: Label `sec:structure' multiply defined.


LaTeX Warning: Label `subsec:structure' multiply defined.


LaTeX Warning: Label `par:structure' multiply defined.


LaTeX Warning: Label `subpar:structure' multiply defined.


LaTeX Warning: Label `subsubsec:structure' multiply defined.


LaTeX Warning: Label `fig:Chicken1' multiply defined.


LaTeX Warning: Label `fig:Chicken2' multiply defined.


LaTeX Warning: Label `code:one' multiply defined.


LaTeX Warning: Label `code:two' multiply defined.


LaTeX Warning: Label `algo_disjdecomp' multiply defined.


LaTeX Warning: Label `forins' multiply defined.


LaTeX Warning: Label `lt' multiply defined.


LaTeX Warning: Label `ut' multiply defined.


LaTeX Warning: Label `cmt' multiply defined.


LaTeX Warning: Label `lelse' multiply defined.


LaTeX Warning: Label `tab:attributes' multiply defined.


LaTeX Warning: Label `eq:delvart' multiply defined.


LaTeX Warning: Label `eq:maxwell' multiply defined.


LaTeX Warning: Label `pythagorean' multiply defined.

) (content/appendix.aux) (content/disclaimer.aux))
\openout1 = `thesis.aux'.

LaTeX Font Info:    Checking defaults for OML/cmm/m/it on input line 18.
LaTeX Font Info:    ... okay on input line 18.
LaTeX Font Info:    Checking defaults for OMS/cmsy/m/n on input line 18.
LaTeX Font Info:    ... okay on input line 18.
LaTeX Font Info:    Checking defaults for OT1/cmr/m/n on input line 18.
LaTeX Font Info:    ... okay on input line 18.
LaTeX Font Info:    Checking defaults for T1/cmr/m/n on input line 18.
LaTeX Font Info:    ... okay on input line 18.
LaTeX Font Info:    Checking defaults for TS1/cmr/m/n on input line 18.
LaTeX Font Info:    ... okay on input line 18.
LaTeX Font Info:    Checking defaults for OMX/cmex/m/n on input line 18.
LaTeX Font Info:    ... okay on input line 18.
LaTeX Font Info:    Checking defaults for U/cmr/m/n on input line 18.
LaTeX Font Info:    ... okay on input line 18.
LaTeX Font Info:    Checking defaults for PD1/pdf/m/n on input line 18.
LaTeX Font Info:    ... okay on input line 18.
LaTeX Font Info:    Checking defaults for PU/pdf/m/n on input line 18.
LaTeX Font Info:    ... okay on input line 18.
LaTeX Font Info:    Checking defaults for LY1/ptm/m/n on input line 18.
LaTeX Font Info:    Trying to load font information for LY1+ptm on input line 1
8.

(C:\Users\Kien Nguyen\AppData\Local\Programs\MiKTeX\tex/latex/ly1\ly1ptm.fd
File: ly1ptm.fd 2001/02/01 font definitions for LY1/ptm using Berry names.
)
LaTeX Font Info:    ... okay on input line 18.
Package typearea Info: These are the values describing the layout:
(typearea)             DIV  = 10
(typearea)             BCOR = 34.1433pt
(typearea)             \paperwidth      = 597.50793pt
(typearea)              \textwidth      = 394.35527pt
(typearea)              DIV departure   = -5%
(typearea)              \evensidemargin = 40.40292pt
(typearea)              \oddsidemargin  = 18.20976pt
(typearea)             \paperheight     = 845.04694pt
(typearea)              \textheight     = 604.0033pt
(typearea)              \topmargin      = -24.0655pt
(typearea)              \headheight     = 16.50009pt
(typearea)              \headsep        = 19.80011pt
(typearea)              \topskip        = 10.0pt
(typearea)              \footskip       = 46.20026pt
(typearea)              \baselineskip   = 13.20007pt
(typearea)              on input line 18.
Package typearea Info: Using dirty hack to recalculate internal output
(typearea)             dimensions of LaTeX on input line 18.


Package hyperref Warning: Token not allowed in a PDF string (Unicode):
(hyperref)                removing `\\' on input line 18.

Package hyperref Info: Option `bookmarksnumbered' set `true' on input line 18.
Package hyperref Info: Option `breaklinks' set `true' on input line 18.
Package nag Info: pgf.sty is broken: disabling dollar check on input line 18.
Package nag Info: Command \RaggedLeft not defined, skipping amendment on input 
line 18.
Package nag Info: Command \RaggedRight not defined, skipping amendment on input
 line 18.

(C:\Users\Kien Nguyen\AppData\Local\Programs\MiKTeX\tex/context/base/mkii\supp-
pdf.mkii
[Loading MPS to PDF converter (version 2006.09.02).]
\scratchcounter=\count467
\scratchdimen=\dimen293
\scratchbox=\box82
\nofMPsegments=\count468
\nofMParguments=\count469
\everyMPshowfont=\toks46
\MPscratchCnt=\count470
\MPscratchDim=\dimen294
\MPnumerator=\count471
\makeMPintoPDFobject=\count472
\everyMPtoPDFconversion=\toks47
)
(C:\Users\Kien Nguyen\AppData\Local\Programs\MiKTeX\tex/latex/epstopdf-pkg\epst
opdf-base.sty
Package: epstopdf-base 2020-01-24 v2.11 Base part for package epstopdf
Package epstopdf-base Info: Redefining graphics rule for `.eps' on input line 4
85.

(C:\Users\Kien Nguyen\AppData\Local\Programs\MiKTeX\tex/latex/00miktex\epstopdf
-sys.cfg
File: epstopdf-sys.cfg 2021/03/18 v2.0 Configuration of epstopdf for MiKTeX
))
Package biblatex Info: Trying to load language 'ngerman'...
Package biblatex Info: ... file 'ngerman.lbx' found.

(C:\Users\Kien Nguyen\AppData\Local\Programs\MiKTeX\tex/latex/biblatex/lbx\nger
man.lbx
File: ngerman.lbx 2020/12/31 v3.16 biblatex localization (PK/MW)
Package biblatex Info: Trying to load language 'german'...
Package biblatex Info: ... file 'german.lbx' found.

(C:\Users\Kien Nguyen\AppData\Local\Programs\MiKTeX\tex/latex/biblatex/lbx\germ
an.lbx
File: german.lbx 2020/12/31 v3.16 biblatex localization (PK/MW)
)
Package biblatex Info: Trying to load language 'german'...
Package biblatex Info: ... file 'german.lbx' found.

(C:\Users\Kien Nguyen\AppData\Local\Programs\MiKTeX\tex/latex/biblatex/lbx\germ
an.lbx
File: german.lbx 2020/12/31 v3.16 biblatex localization (PK/MW)
))
Package biblatex Info: Trying to load language 'english'...
Package biblatex Info: ... file 'english.lbx' found.

(C:\Users\Kien Nguyen\AppData\Local\Programs\MiKTeX\tex/latex/biblatex/lbx\engl
ish.lbx
File: english.lbx 2020/12/31 v3.16 biblatex localization (PK/MW)
)
Package biblatex Info: Input encoding 'utf8' detected.
Package biblatex Info: Data encoding 'utf8' specified.
(biblatex)             No need to reencode data.
Package biblatex Info: Input encoding 'utf8' specified.
Package biblatex Info: Data encoding 'utf8' specified.
(biblatex)             No need to reencode data.
Package biblatex Info: Document encoding is UTF8 ....
Package biblatex Info: ... and expl3
(biblatex)             2021-06-01 L3 programming layer (loader) 
(biblatex)             is new enough (at least 2020/04/06),
(biblatex)             setting 'casechanger=expl3'.

(C:\Users\Kien Nguyen\AppData\Local\Programs\MiKTeX\tex/latex/biblatex\blx-case
-expl3.sty
Package: blx-case-expl3 2020/12/31 v3.16 expl3 case changing code for biblatex
)
\openout3 = `thesis-blx.bib'.

Package biblatex Info: Trying to load bibliographic data...
Package biblatex Info: ... file 'thesis.bbl' found.
 (thesis.bbl)
Package biblatex Info: Reference section=0 on input line 18.
Package biblatex Info: Reference segment=0 on input line 18.
Package hyperref Info: Link coloring OFF on input line 18.

(C:\Users\Kien Nguyen\AppData\Local\Programs\MiKTeX\tex/latex/hyperref\nameref.
sty
Package: nameref 2021-04-02 v2.47 Cross-referencing by name of section

(C:\Users\Kien Nguyen\AppData\Local\Programs\MiKTeX\tex/latex/refcount\refcount
.sty
Package: refcount 2019/12/15 v3.6 Data extraction from label references (HO)
)
(C:\Users\Kien Nguyen\AppData\Local\Programs\MiKTeX\tex/generic/gettitlestring\
gettitlestring.sty
Package: gettitlestring 2019/12/15 v1.6 Cleanup title references (HO)
)
\c@section@level=\count473
)
LaTeX Info: Redefining \ref on input line 18.
LaTeX Info: Redefining \pageref on input line 18.
LaTeX Info: Redefining \nameref on input line 18.
 (thesis.out) (thesis.out)
\@outlinefile=\write5
\openout5 = `thesis.out'.

Class scrbook Info: loading recommended package `bookmark'.
(scrbook)           Using `bookmark' together with `hyperref' is recommended,
(scrbook)           because of handling of possible bookmark level gaps.
(scrbook)           You can avoid loading `bookmark' with KOMA-Script option
(scrbook)           `bookmarkpackage=false' before \begin{document} and
(scrbook)           you can avoid this message adding:
(scrbook)             \usepackage{bookmark}
(scrbook)           before \begin{document} on input line 18.

(C:\Users\Kien Nguyen\AppData\Local\Programs\MiKTeX\tex/latex/bookmark\bookmark
.sty
Package: bookmark 2020-11-06 v1.29 PDF bookmarks (HO)

(C:\Users\Kien Nguyen\AppData\Local\Programs\MiKTeX\tex/latex/bookmark\bkm-pdft
ex.def
File: bkm-pdftex.def 2020-11-06 v1.29 bookmark driver for pdfTeX (HO)
\BKM@id=\count474
))
(C:\Users\Kien Nguyen\AppData\Local\Programs\MiKTeX\tex/latex/translations/dict
s\translations-basic-dictionary-german.trsl
File: translations-basic-dictionary-german.trsl (german translation file `trans
lations-basic-dictionary')
)
Package translations Info: loading dictionary `translations-basic-dictionary' f
or `german'. on input line 18.

(C:\Users\Kien Nguyen\AppData\Local\Programs\MiKTeX\tex/latex/translations/dict
s\translations-basic-dictionary-english.trsl
File: translations-basic-dictionary-english.trsl (english translation file `tra
nslations-basic-dictionary')
)
Package translations Info: loading dictionary `translations-basic-dictionary' f
or `english'. on input line 18.
\c@lstlisting=\count475
Package caption Info: Begin \AtBeginDocument code.
Package caption Info: End \AtBeginDocument code.
Package scrhack Info: undefining \float@addtolists on input line 18.
LaTeX Info: Redefining \microtypecontext on input line 18.
Package microtype Info: Generating PDF output.
Package microtype Info: Character protrusion enabled (level 2).
Package microtype Info: Using default protrusion set `alltext'.
Package microtype Info: Automatic font expansion enabled (level 2),
(microtype)             stretch: 9, shrink: 15, step: 3, non-selected.
Package microtype Info: Using default expansion set `alltext-nott'.
LaTeX Info: Redefining \showhyphens on input line 18.
Package microtype Info: Tracking enabled.
Package microtype Info: Using tracking set `smallcaps'.
Package microtype Info: No adjustment of interword spacing.
Package microtype Info: No adjustment of character kerning.
Package microtype Info: Redefining babel's language switching commands.

(C:\Users\Kien Nguyen\AppData\Local\Programs\MiKTeX\tex/latex/microtype\mt-ppl.
cfg
File: mt-ppl.cfg 2005/11/16 v1.6 microtype config. file: Palatino (RS)
)
Package nag Info: Command \hc@caption not defined, skipping amendment on input 
line 18.
Package nag Info: Command \topcaption not defined, skipping amendment on input 
line 18.
\openout2 = `content/coverpage.aux'.

 (content/coverpage.tex
<images/umr_logo_black.pdf, id=6, 845.1575pt x 322.20375pt>
File: images/umr_logo_black.pdf Graphic file (type pdf)
<use images/umr_logo_black.pdf>
Package pdftex.def Info: images/umr_logo_black.pdf  used on input line 7.
(pdftex.def)             Requested size: 284.52756pt x 108.47112pt.
LaTeX Font Info:    Trying to load font information for T1+SourceSansPro-TOsF o
n input line 13.

(C:\Users\Kien Nguyen\AppData\Local\Programs\MiKTeX\tex/latex/sourcesanspro\t1s
ourcesanspro-tosf.fd
File: T1SourceSansPro-TOsF.fd 2020/01/19 (autoinst) Font definitions for T1/Sou
rceSansPro-TOsF.
)
LaTeX Font Info:    Font shape `T1/SourceSansPro-TOsF/m/n' aliased to
(Font)              `T1/SourceSansPro-TOsF/regular/n' on input line 13.
LaTeX Font Info:    Font shape `T1/SourceSansPro-TOsF/regular/n' will be
(Font)              scaled to size 10.0pt on input line 13.
Package microtype Info: Loading generic protrusion settings for font family
(microtype)             `SourceSansPro-TOsF' (encoding: T1).
(microtype)             For optimal results, create family-specific settings.
(microtype)             See the microtype manual for details.
LaTeX Font Info:    Font shape `T1/SourceSansPro-TOsF/b/n' aliased to
(Font)              `T1/SourceSansPro-TOsF/bold/n' on input line 13.
LaTeX Font Info:    Font shape `T1/SourceSansPro-TOsF/bold/n' will be
(Font)              scaled to size 10.0pt on input line 13.
LaTeX Font Info:    Font shape `T1/SourceSansPro-TOsF/b/n' aliased to
(Font)              `T1/SourceSansPro-TOsF/bold/n' on input line 13.
LaTeX Font Info:    Font shape `T1/SourceSansPro-TOsF/bold/n' will be
(Font)              scaled to size 20.74pt on input line 13.

Underfull \hbox (badness 10000) in paragraph at lines 25--25

 []

LaTeX Font Info:    Trying to load font information for OT1+pplx on input line 
25.

(C:\Users\Kien Nguyen\AppData\Local\Programs\MiKTeX\tex/latex/psnfss\ot1pplx.fd
File: ot1pplx.fd 2004/09/06 font definitions for OT1/pplx.
)
LaTeX Font Info:    Trying to load font information for OML+zplm on input line 
25.

(C:\Users\Kien Nguyen\AppData\Local\Programs\MiKTeX\tex/latex/psnfss\omlzplm.fd
File: omlzplm.fd 2002/09/08 Fontinst v1.914 font definitions for OML/zplm.
)
LaTeX Font Info:    Trying to load font information for OMS+zplm on input line 
25.

(C:\Users\Kien Nguyen\AppData\Local\Programs\MiKTeX\tex/latex/psnfss\omszplm.fd
File: omszplm.fd 2002/09/08 Fontinst v1.914 font definitions for OMS/zplm.
)
LaTeX Font Info:    Trying to load font information for OMX+zplm on input line 
25.

(C:\Users\Kien Nguyen\AppData\Local\Programs\MiKTeX\tex/latex/psnfss\omxzplm.fd
File: omxzplm.fd 2002/09/08 Fontinst v1.914 font definitions for OMX/zplm.
)
LaTeX Font Info:    Trying to load font information for OT1+zplm on input line 
25.

(C:\Users\Kien Nguyen\AppData\Local\Programs\MiKTeX\tex/latex/psnfss\ot1zplm.fd
File: ot1zplm.fd 2002/09/08 Fontinst v1.914 font definitions for OT1/zplm.
)
Package microtype Info: Loading generic protrusion settings for font family
(microtype)             `zplm' (encoding: OT1).
(microtype)             For optimal results, create family-specific settings.
(microtype)             See the microtype manual for details.
 [1




{C:/Users/Kien Nguyen/AppData/Local/MiKTeX/pdftex/config/pdftex.map} <./images/
umr_logo_black.pdf>]) [2




]
\openout2 = `content/titlepage.aux'.

 (content/titlepage.tex
<images/umr_logo_srgb.pdf, id=21, 845.1575pt x 311.1625pt>
File: images/umr_logo_srgb.pdf Graphic file (type pdf)
<use images/umr_logo_srgb.pdf>
Package pdftex.def Info: images/umr_logo_srgb.pdf  used on input line 4.
(pdftex.def)             Requested size: 284.52756pt x 104.75404pt.
 [1



 <./images/umr_logo_srgb.pdf>]) [2




]
\openout2 = `content/abstract.aux'.

 (content/abstract.tex)
LaTeX Font Info:    Font shape `T1/pplj/m/sl' in size <10> not available
(Font)              Font shape `T1/pplj/m/it' tried instead on input line 28.
 [3

] [4




]
Package tocbasic Info: character protrusion at toc deactivated on input line 30
.
 (thesis.toc)
\tf@toc=\write6
\openout6 = `thesis.toc'.

 [5] [6


]
\openout2 = `content/chapter1.aux'.


(content/chapter1.tex
chapter 1.
LaTeX Font Info:    Trying to load font information for T1+SourceCodePro-TLF on
 input line 20.

(C:\Users\Kien Nguyen\AppData\Local\Programs\MiKTeX\tex/latex/sourcecodepro\t1s
ourcecodepro-tlf.fd
File: T1SourceCodePro-TLF.fd 2018/02/18 (autoinst) Font definitions for T1/Sour
ceCodePro-TLF.
)
LaTeX Font Info:    Font shape `T1/SourceCodePro-TLF/m/n' will be
(Font)              scaled to size 8.99994pt on input line 20.
Package microtype Info: Loading generic protrusion settings for font family
(microtype)             `SourceCodePro-TLF' (encoding: T1).
(microtype)             For optimal results, create family-specific settings.
(microtype)             See the microtype manual for details.
) [1



]
\openout2 = `content/chapter2.aux'.

 (content/chapter2.tex [2





]
chapter 2.
LaTeX Font Info:    Font shape `T1/SourceCodePro-TLF/m/n' will be
(Font)              scaled to size 7.19995pt on input line 8.

Underfull \hbox (badness 10000) in paragraph at lines 9--9
  [][][][]$\T1/SourceCodePro-TLF/m/n/8 https : / / tex . stackexchange . com / 
questions / 3033 / forcing-[]linebreaks-[]in-[]url ? id =
 []


Overfull \hbox (464.14119pt too wide) in paragraph at lines 9--9
 \T1/SourceCodePro-TLF/m/n/8 WNXQXYHWCVPQTWKFNIQWYZSOMJUQQAQMNOCLNJIPFYGYVREIZU
EYUXMGHGWXGNKUBMGPWOEBNLAICEQCYVASSMZATVXZIHUKUBZRQESDPSLSXCUWXUOQHNQAJNARVUCQW
BHMFZPVSBOQDIMADBQKPGKYULQQFSGCUNOZNDVGEJWHRIIVJYFZFQXABOQHGWJBKXAY$[]| 
 []


Underfull \hbox (badness 10000) in paragraph at lines 9--9
  [][][][]$\T1/SourceCodePro-TLF/m/n/8 https : / / developer . paypal . com / d
ocs / integration / direct / paypal-[]rest-[]payment-[]hateoas-[]links /
 []

LaTeX Font Info:    Font shape `T1/SourceSansPro-TOsF/b/n' aliased to
(Font)              `T1/SourceSansPro-TOsF/bold/n' on input line 13.
LaTeX Font Info:    Font shape `T1/SourceSansPro-TOsF/bold/n' will be
(Font)              scaled to size 14.4pt on input line 13.
LaTeX Font Info:    Trying to load font information for TS1+pplj on input line 
18.

(C:\Users\Kien Nguyen\AppData\Local\Programs\MiKTeX\tex/latex/psnfss\ts1pplj.fd
File: ts1pplj.fd 2004/09/06 font definitions for TS1/pplj.
) [3] [4]
LaTeX Font Info:    Font shape `T1/SourceSansPro-TOsF/b/n' aliased to
(Font)              `T1/SourceSansPro-TOsF/bold/n' on input line 74.
LaTeX Font Info:    Font shape `T1/SourceSansPro-TOsF/bold/n' will be
(Font)              scaled to size 12.0pt on input line 74.
 [5] [6]

LaTeX Warning: Reference `Riado_Lyaer_RL' on page 7 undefined on input line 123
.


LaTeX Warning: Reference `Riado_Lyaer_RL' on page 7 undefined on input line 123
.


LaTeX Warning: Reference `Riado_Lyaer_RL' on page 7 undefined on input line 123
.

[7]
<images/Chicken.png, id=248, 389.24368pt x 505.25606pt>
File: images/Chicken.png Graphic file (type png)
<use images/Chicken.png>
Package pdftex.def Info: images/Chicken.png  used on input line 144.
(pdftex.def)             Requested size: 295.76645pt x 383.93692pt.
LaTeX Font Info:    Font shape `T1/SourceSansPro-TOsF/b/n' aliased to
(Font)              `T1/SourceSansPro-TOsF/bold/n' on input line 145.
LaTeX Font Info:    Font shape `T1/SourceSansPro-TOsF/bold/n' will be
(Font)              scaled to size 9.0pt on input line 145.
 [8 <./images/Chicken.png>]
File: images/Chicken.png Graphic file (type png)
<use images/Chicken.png>
Package pdftex.def Info: images/Chicken.png  used on input line 155.
(pdftex.def)             Requested size: 273.42494pt x 354.91733pt.
 [9]
Overfull \hbox (13.83951pt too wide) in paragraph at lines 172--175
\T1/SourceCodePro-TLF/m/n/10 Aware-Persistence-Manager-Factory-Proxy[][]\T1/ppl
j/m/n/10 (-15) , yzx [][]\T1/SourceCodePro-TLF/m/n/10 Sim-ple-Bean-Fac-to-ryAwa
r-eA-spectIn-stance-
 []


Overfull \hbox (1.54527pt too wide) in paragraph at lines 172--175
\T1/SourceCodePro-TLF/m/n/10 Ti-tle-Pa-ne-Ma-xi-mi-ze-But-ton-Win-dow-Not-Fo-cu
-sed-Sta-te[][]\T1/pplj/m/n/10 (-15) , [][]\T1/SourceCodePro-TLF/m/n/10 In-ter-
nal-Fra-me-In-ter-nal-Fra-me-Ti-
 []


Overfull \hbox (7.942pt too wide) in paragraph at lines 172--175
\T1/SourceCodePro-TLF/m/n/10 nal Frame In-ter-nal Frame Ti-tle Pane In-ter-nal 
Frame Ti-tle Pane Max-i-mize But-
 []

LaTeX Font Info:    Font shape `T1/SourceCodePro-TLF/m/n' will be
(Font)              scaled to size 8.09995pt on input line 182.

(C:\Users\Kien Nguyen\AppData\Local\Programs\MiKTeX\tex/latex/listings\lstlang1
.sty
File: lstlang1.sty 2020/03/24 1.8d listings language file
)
(C:\Users\Kien Nguyen\AppData\Local\Programs\MiKTeX\tex/latex/listings\lstlang1
.sty
File: lstlang1.sty 2020/03/24 1.8d listings language file
)
(C:\Users\Kien Nguyen\AppData\Local\Programs\MiKTeX\tex/latex/listings\lstmisc.
sty
File: lstmisc.sty 2020/03/24 1.8d (Carsten Heinz)
)
Package hyperref Info: bookmark level for unknown lstlisting defaults to 0 on i
nput line 189.
LaTeX Font Info:    Font shape `T1/SourceCodePro-TLF/m/it' will be
(Font)              scaled to size 8.09995pt on input line 190.
LaTeX Font Info:    Font shape `T1/SourceCodePro-TLF/sb/n' will be
(Font)              scaled to size 8.09995pt on input line 191.
 [10] [11]
Underfull \hbox (badness 1661) in paragraph at lines 294--295
[]|\T1/pplj/m/n/10 (+9) Cabcabcab Cab-cab-cab-cab-ca bcab-
 []


Underfull \vbox (badness 10000) has occurred while \output is active []

 [12]
Underfull \vbox (badness 3138) has occurred while \output is active []

 [13]
Package hyperref Info: bookmark level for unknown todo defaults to 0 on input l
ine 362.

[14]) [15]
\openout2 = `content/chapter3.aux'.

 (content/chapter3.tex [16





]
chapter 3.

Underfull \hbox (badness 10000) in paragraph at lines 9--9
  [][][][]$\T1/SourceCodePro-TLF/m/n/8 https : / / tex . stackexchange . com / 
questions / 3033 / forcing-[]linebreaks-[]in-[]url ? id =
 []


Overfull \hbox (464.14119pt too wide) in paragraph at lines 9--9
 \T1/SourceCodePro-TLF/m/n/8 WNXQXYHWCVPQTWKFNIQWYZSOMJUQQAQMNOCLNJIPFYGYVREIZU
EYUXMGHGWXGNKUBMGPWOEBNLAICEQCYVASSMZATVXZIHUKUBZRQESDPSLSXCUWXUOQHNQAJNARVUCQW
BHMFZPVSBOQDIMADBQKPGKYULQQFSGCUNOZNDVGEJWHRIIVJYFZFQXABOQHGWJBKXAY$[]| 
 []


Underfull \hbox (badness 10000) in paragraph at lines 9--9
  [][][][]$\T1/SourceCodePro-TLF/m/n/8 https : / / developer . paypal . com / d
ocs / integration / direct / paypal-[]rest-[]payment-[]hateoas-[]links /
 []

[17] [18] [19] [20]

LaTeX Warning: Reference `Riado_Lyaer_RL' on page 21 undefined on input line 12
3.


LaTeX Warning: Reference `Riado_Lyaer_RL' on page 21 undefined on input line 12
3.


LaTeX Warning: Reference `Riado_Lyaer_RL' on page 21 undefined on input line 12
3.

[21]
File: images/Chicken.png Graphic file (type png)
<use images/Chicken.png>
Package pdftex.def Info: images/Chicken.png  used on input line 144.
(pdftex.def)             Requested size: 295.76645pt x 383.93692pt.
 [22]
File: images/Chicken.png Graphic file (type png)
<use images/Chicken.png>
Package pdftex.def Info: images/Chicken.png  used on input line 155.
(pdftex.def)             Requested size: 273.42494pt x 354.91733pt.
 [23]
Overfull \hbox (13.83951pt too wide) in paragraph at lines 172--175
\T1/SourceCodePro-TLF/m/n/10 Aware-Persistence-Manager-Factory-Proxy[][]\T1/ppl
j/m/n/10 (-15) , yzx [][]\T1/SourceCodePro-TLF/m/n/10 Sim-ple-Bean-Fac-to-ryAwa
r-eA-spectIn-stance-
 []


Overfull \hbox (1.54527pt too wide) in paragraph at lines 172--175
\T1/SourceCodePro-TLF/m/n/10 Ti-tle-Pa-ne-Ma-xi-mi-ze-But-ton-Win-dow-Not-Fo-cu
-sed-Sta-te[][]\T1/pplj/m/n/10 (-15) , [][]\T1/SourceCodePro-TLF/m/n/10 In-ter-
nal-Fra-me-In-ter-nal-Fra-me-Ti-
 []


Overfull \hbox (7.942pt too wide) in paragraph at lines 172--175
\T1/SourceCodePro-TLF/m/n/10 nal Frame In-ter-nal Frame Ti-tle Pane In-ter-nal 
Frame Ti-tle Pane Max-i-mize But-
 []

[24] [25]
Underfull \hbox (badness 1661) in paragraph at lines 294--295
[]|\T1/pplj/m/n/10 (+9) Cabcabcab Cab-cab-cab-cab-ca bcab-
 []


Underfull \vbox (badness 10000) has occurred while \output is active []

 [26]
Underfull \vbox (badness 3138) has occurred while \output is active []

 [27]
[28]) [29] [30




]

Package biblatex Warning: Split bibliography detected.
(biblatex)                Many simple split bibliography setups with
(biblatex)                non-overlapping bibliographies benefit from
(biblatex)                setting 'defernumbers=true'.
(biblatex)                See the documentation for details.
(biblatex)                This warning can be suppressed with
(biblatex)                '\BiblatexSplitbibDefernumbersWarningOff'.

[31


]
\openout2 = `content/appendix.aux'.

 (content/appendix.tex [32



]
chapter A.
) [33] [34




]
\openout2 = `content/disclaimer.aux'.

 (content/disclaimer.tex
Underfull \hbox (badness 10000) in paragraph at lines 5--6

 []

) [35

]
No complaints by nag.
(thesis.aux (content/coverpage.aux) (content/titlepage.aux)
(content/abstract.aux) (content/chapter1.aux) (content/chapter2.aux)
(content/chapter3.aux) (content/appendix.aux) (content/disclaimer.aux))

LaTeX Warning: There were undefined references.


LaTeX Warning: There were multiply-defined labels.

Package rerunfilecheck Info: File `thesis.out' has not changed.
(rerunfilecheck)             Checksum: D41D8CD98F00B204E9800998ECF8427E;0.
Package logreq Info: Writing requests to 'thesis.run.xml'.
\openout1 = `thesis.run.xml'.

 ) 
Here is how much of TeX's memory you used:
 43507 strings out of 478864
 872503 string characters out of 2845780
 1810399 words of memory out of 3000000
 60007 multiletter control sequences out of 15000+600000
 549165 words of font info for 354 fonts, out of 8000000 for 9000
 1143 hyphenation exceptions out of 8191
 108i,21n,121p,10725b,3913s stack positions out of 5000i,500n,10000p,200000b,80000s
pdfTeX warning (dest): name{Hfootnote.23} has been referenced but does not ex
ist, replaced by a fixed one

pdfTeX warning (dest): name{Hfootnote.22} has been referenced but does not exis
t, replaced by a fixed one

pdfTeX warning (dest): name{Hfootnote.11} has been referenced but does not exis
t, replaced by a fixed one

pdfTeX warning (dest): name{Hfootnote.10} has been referenced but does not exis
t, replaced by a fixed one

{C:/Users/Kien Nguyen/AppData/Local/Programs/MiKTeX/fonts/enc/dvips/base/8r.enc
}{C:/Users/Kien Nguyen/AppData/Local/Programs/MiKTeX/fonts/enc/dvips/sourcesans
pro/a_ktnhmk.enc}{C:/Users/Kien Nguyen/AppData/Local/Programs/MiKTeX/fonts/enc/
dvips/sourcecodepro/a_lutrty.enc}<C:/Users/Kien Nguyen/AppData/Local/Programs/M
iKTeX/fonts/type1/adobe/sourcecodepro/SourceCodePro-It.pfb><C:/Users/Kien Nguye
n/AppData/Local/Programs/MiKTeX/fonts/type1/adobe/sourcecodepro/SourceCodePro-R
egular.pfb><C:/Users/Kien Nguyen/AppData/Local/Programs/MiKTeX/fonts/type1/adob
e/sourcecodepro/SourceCodePro-Semibold.pfb><C:/Users/Kien Nguyen/AppData/Local/
Programs/MiKTeX/fonts/type1/adobe/sourcesanspro/SourceSansPro-Bold.pfb><C:/User
s/Kien Nguyen/AppData/Local/Programs/MiKTeX/fonts/type1/adobe/sourcesanspro/Sou
rceSansPro-Regular.pfb><C:/Users/Kien Nguyen/AppData/Local/Programs/MiKTeX/font
s/type1/public/amsfonts/cm/cmex10.pfb><C:/Users/Kien Nguyen/AppData/Local/Progr
ams/MiKTeX/fonts/type1/public/amsfonts/cm/cmmi10.pfb><C:/Users/Kien Nguyen/AppD
ata/Local/Programs/MiKTeX/fonts/type1/public/amsfonts/cm/cmr10.pfb><C:/Users/Ki
en Nguyen/AppData/Local/Programs/MiKTeX/fonts/type1/public/amsfonts/cm/cmsy10.p
fb><C:/Users/Kien Nguyen/AppData/Local/Programs/MiKTeX/fonts/type1/public/fpl/f
plbj8a.pfb><C:/Users/Kien Nguyen/AppData/Local/Programs/MiKTeX/fonts/type1/publ
ic/mathpazo/fplmr.pfb><C:/Users/Kien Nguyen/AppData/Local/Programs/MiKTeX/fonts
/type1/public/mathpazo/fplmri.pfb><C:/Users/Kien Nguyen/AppData/Local/Programs/
MiKTeX/fonts/type1/public/fpl/fplrc8a.pfb><C:/Users/Kien Nguyen/AppData/Local/P
rograms/MiKTeX/fonts/type1/public/fpl/fplrij8a.pfb><C:/Users/Kien Nguyen/AppDat
a/Local/Programs/MiKTeX/fonts/type1/urw/palatino/uplb8a.pfb><C:/Users/Kien Nguy
en/AppData/Local/Programs/MiKTeX/fonts/type1/urw/palatino/uplr8a.pfb><C:/Users/
Kien Nguyen/AppData/Local/Programs/MiKTeX/fonts/type1/urw/palatino/uplri8a.pfb>
Output written on thesis.pdf (43 pages, 1877502 bytes).
PDF statistics:
 858 PDF objects out of 1000 (max. 8388607)
 290 named destinations out of 1000 (max. 500000)
 132916 words of extra memory for PDF output out of 154059 (max. 10000000)

